{"/Users/ajitg/workspace/forge/src/commands/analyze.ts": {"path":"/Users/ajitg/workspace/forge/src/commands/analyze.ts","statementMap":{"0":{"start":{"line":18,"column":19},"end":{"line":18,"column":null}},"1":{"start":{"line":21,"column":18},"end":{"line":21,"column":null}},"2":{"start":{"line":24,"column":2},"end":{"line":24,"column":null}},"3":{"start":{"line":25,"column":14},"end":{"line":25,"column":null}},"4":{"start":{"line":28,"column":8},"end":{"line":28,"column":null}},"5":{"start":{"line":29,"column":22},"end":{"line":29,"column":null}},"6":{"start":{"line":32,"column":2},"end":{"line":32,"column":null}},"7":{"start":{"line":33,"column":2},"end":{"line":33,"column":null}},"8":{"start":{"line":34,"column":2},"end":{"line":34,"column":null}},"9":{"start":{"line":35,"column":2},"end":{"line":35,"column":null}},"10":{"start":{"line":36,"column":2},"end":{"line":36,"column":null}}},"fnMap":{"0":{"name":"analyzeCommand","decl":{"start":{"line":16,"column":22},"end":{"line":16,"column":54}},"loc":{"start":{"line":16,"column":54},"end":{"line":37,"column":null}},"line":16}},"branchMap":{},"s":{"0":0,"1":0,"2":0,"3":0,"4":0,"5":0,"6":0,"7":0,"8":0,"9":0,"10":0},"f":{"0":0},"b":{},"meta":{"lastBranch":0,"lastFunction":1,"lastStatement":11,"seen":{"f:16:22:16:54":0,"s:18:19:18:Infinity":0,"s:21:18:21:Infinity":1,"s:24:2:24:Infinity":2,"s:25:14:25:Infinity":3,"s:28:8:28:Infinity":4,"s:29:22:29:Infinity":5,"s:32:2:32:Infinity":6,"s:33:2:33:Infinity":7,"s:34:2:34:Infinity":8,"s:35:2:35:Infinity":9,"s:36:2:36:Infinity":10}}}
,"/Users/ajitg/workspace/forge/src/commands/bootstrap.ts": {"path":"/Users/ajitg/workspace/forge/src/commands/bootstrap.ts","statementMap":{"0":{"start":{"line":19,"column":19},"end":{"line":19,"column":null}},"1":{"start":{"line":22,"column":50},"end":{"line":22,"column":null}},"2":{"start":{"line":25,"column":8},"end":{"line":25,"column":null}},"3":{"start":{"line":27,"column":2},"end":{"line":30,"column":null}},"4":{"start":{"line":32,"column":2},"end":{"line":35,"column":null}},"5":{"start":{"line":38,"column":2},"end":{"line":38,"column":null}},"6":{"start":{"line":41,"column":2},"end":{"line":41,"column":null}},"7":{"start":{"line":42,"column":2},"end":{"line":42,"column":null}},"8":{"start":{"line":43,"column":2},"end":{"line":43,"column":null}},"9":{"start":{"line":44,"column":2},"end":{"line":44,"column":null}}},"fnMap":{"0":{"name":"bootstrapCommand","decl":{"start":{"line":17,"column":22},"end":{"line":17,"column":56}},"loc":{"start":{"line":17,"column":56},"end":{"line":45,"column":null}},"line":17}},"branchMap":{},"s":{"0":0,"1":0,"2":0,"3":0,"4":0,"5":0,"6":0,"7":0,"8":0,"9":0},"f":{"0":0},"b":{},"meta":{"lastBranch":0,"lastFunction":1,"lastStatement":10,"seen":{"f:17:22:17:56":0,"s:19:19:19:Infinity":0,"s:22:50:22:Infinity":1,"s:25:8:25:Infinity":2,"s:27:2:30:Infinity":3,"s:32:2:35:Infinity":4,"s:38:2:38:Infinity":5,"s:41:2:41:Infinity":6,"s:42:2:42:Infinity":7,"s:43:2:43:Infinity":8,"s:44:2:44:Infinity":9}}}
,"/Users/ajitg/workspace/forge/src/commands/install-assistants.ts": {"path":"/Users/ajitg/workspace/forge/src/commands/install-assistants.ts","statementMap":{"0":{"start":{"line":12,"column":2},"end":{"line":38,"column":null}},"1":{"start":{"line":13,"column":4},"end":{"line":13,"column":null}},"2":{"start":{"line":15,"column":20},"end":{"line":15,"column":null}},"3":{"start":{"line":17,"column":4},"end":{"line":17,"column":null}},"4":{"start":{"line":18,"column":4},"end":{"line":18,"column":null}},"5":{"start":{"line":20,"column":21},"end":{"line":20,"column":null}},"6":{"start":{"line":21,"column":4},"end":{"line":27,"column":null}},"7":{"start":{"line":22,"column":25},"end":{"line":22,"column":null}},"8":{"start":{"line":23,"column":6},"end":{"line":23,"column":null}},"9":{"start":{"line":24,"column":6},"end":{"line":26,"column":null}},"10":{"start":{"line":25,"column":8},"end":{"line":25,"column":null}},"11":{"start":{"line":29,"column":4},"end":{"line":34,"column":null}},"12":{"start":{"line":30,"column":6},"end":{"line":30,"column":null}},"13":{"start":{"line":31,"column":6},"end":{"line":31,"column":null}},"14":{"start":{"line":33,"column":6},"end":{"line":33,"column":null}},"15":{"start":{"line":36,"column":4},"end":{"line":36,"column":null}},"16":{"start":{"line":37,"column":4},"end":{"line":37,"column":null}},"17":{"start":{"line":45,"column":2},"end":{"line":51,"column":null}},"18":{"start":{"line":46,"column":20},"end":{"line":46,"column":null}},"19":{"start":{"line":47,"column":20},"end":{"line":47,"column":null}},"20":{"start":{"line":48,"column":20},"end":{"line":48,"column":null}},"21":{"start":{"line":49,"column":20},"end":{"line":49,"column":null}},"22":{"start":{"line":50,"column":20},"end":{"line":50,"column":null}}},"fnMap":{"0":{"name":"installAssistantsCommand","decl":{"start":{"line":11,"column":22},"end":{"line":11,"column":47}},"loc":{"start":{"line":11,"column":75},"end":{"line":39,"column":null}},"line":11},"1":{"name":"getStatusIcon","decl":{"start":{"line":44,"column":9},"end":{"line":44,"column":23}},"loc":{"start":{"line":44,"column":75},"end":{"line":52,"column":null}},"line":44}},"branchMap":{"0":{"loc":{"start":{"line":24,"column":6},"end":{"line":26,"column":null}},"type":"if","locations":[{"start":{"line":24,"column":6},"end":{"line":26,"column":null}},{"start":{},"end":{}}],"line":24},"1":{"loc":{"start":{"line":24,"column":10},"end":{"line":24,"column":70}},"type":"binary-expr","locations":[{"start":{"line":24,"column":10},"end":{"line":24,"column":41}},{"start":{"line":24,"column":41},"end":{"line":24,"column":70}}],"line":24},"2":{"loc":{"start":{"line":29,"column":4},"end":{"line":34,"column":null}},"type":"if","locations":[{"start":{"line":29,"column":4},"end":{"line":34,"column":null}},{"start":{"line":32,"column":11},"end":{"line":34,"column":null}}],"line":29},"3":{"loc":{"start":{"line":36,"column":61},"end":{"line":36,"column":115}},"type":"cond-expr","locations":[{"start":{"line":36,"column":86},"end":{"line":36,"column":102}},{"start":{"line":36,"column":102},"end":{"line":36,"column":115}}],"line":36},"4":{"loc":{"start":{"line":45,"column":2},"end":{"line":51,"column":null}},"type":"switch","locations":[{"start":{"line":46,"column":4},"end":{"line":46,"column":null}},{"start":{"line":47,"column":4},"end":{"line":47,"column":null}},{"start":{"line":48,"column":4},"end":{"line":48,"column":null}},{"start":{"line":49,"column":4},"end":{"line":49,"column":null}},{"start":{"line":50,"column":4},"end":{"line":50,"column":null}}],"line":45}},"s":{"0":0,"1":0,"2":0,"3":0,"4":0,"5":0,"6":0,"7":0,"8":0,"9":0,"10":0,"11":0,"12":0,"13":0,"14":0,"15":0,"16":0,"17":0,"18":0,"19":0,"20":0,"21":0,"22":0},"f":{"0":0,"1":0},"b":{"0":[0,0],"1":[0,0],"2":[0,0],"3":[0,0],"4":[0,0,0,0,0]},"meta":{"lastBranch":5,"lastFunction":2,"lastStatement":23,"seen":{"f:11:22:11:47":0,"s:12:2:38:Infinity":0,"s:13:4:13:Infinity":1,"s:15:20:15:Infinity":2,"s:17:4:17:Infinity":3,"s:18:4:18:Infinity":4,"s:20:21:20:Infinity":5,"s:21:4:27:Infinity":6,"s:22:25:22:Infinity":7,"s:23:6:23:Infinity":8,"b:24:6:26:Infinity:undefined:undefined:undefined:undefined":0,"s:24:6:26:Infinity":9,"b:24:10:24:41:24:41:24:70":1,"s:25:8:25:Infinity":10,"b:29:4:34:Infinity:32:11:34:Infinity":2,"s:29:4:34:Infinity":11,"s:30:6:30:Infinity":12,"s:31:6:31:Infinity":13,"s:33:6:33:Infinity":14,"s:36:4:36:Infinity":15,"b:36:86:36:102:36:102:36:115":3,"s:37:4:37:Infinity":16,"f:44:9:44:23":1,"b:46:4:46:Infinity:47:4:47:Infinity:48:4:48:Infinity:49:4:49:Infinity:50:4:50:Infinity":4,"s:45:2:51:Infinity":17,"s:46:20:46:Infinity":18,"s:47:20:47:Infinity":19,"s:48:20:48:Infinity":20,"s:49:20:49:Infinity":21,"s:50:20:50:Infinity":22}}}
,"/Users/ajitg/workspace/forge/src/commands/install-copilot.ts": {"path":"/Users/ajitg/workspace/forge/src/commands/install-copilot.ts","statementMap":{"0":{"start":{"line":13,"column":2},"end":{"line":32,"column":null}},"1":{"start":{"line":14,"column":4},"end":{"line":14,"column":null}},"2":{"start":{"line":17,"column":23},"end":{"line":17,"column":null}},"3":{"start":{"line":18,"column":20},"end":{"line":18,"column":null}},"4":{"start":{"line":21,"column":4},"end":{"line":21,"column":null}},"5":{"start":{"line":24,"column":4},"end":{"line":24,"column":null}},"6":{"start":{"line":26,"column":4},"end":{"line":26,"column":null}},"7":{"start":{"line":27,"column":4},"end":{"line":27,"column":null}},"8":{"start":{"line":28,"column":4},"end":{"line":28,"column":null}},"9":{"start":{"line":30,"column":4},"end":{"line":30,"column":null}},"10":{"start":{"line":31,"column":4},"end":{"line":31,"column":null}}},"fnMap":{"0":{"name":"installCopilotCommand","decl":{"start":{"line":12,"column":22},"end":{"line":12,"column":44}},"loc":{"start":{"line":12,"column":72},"end":{"line":33,"column":null}},"line":12}},"branchMap":{"0":{"loc":{"start":{"line":30,"column":63},"end":{"line":30,"column":117}},"type":"cond-expr","locations":[{"start":{"line":30,"column":88},"end":{"line":30,"column":104}},{"start":{"line":30,"column":104},"end":{"line":30,"column":117}}],"line":30}},"s":{"0":0,"1":0,"2":0,"3":0,"4":0,"5":0,"6":0,"7":0,"8":0,"9":0,"10":0},"f":{"0":0},"b":{"0":[0,0]},"meta":{"lastBranch":1,"lastFunction":1,"lastStatement":11,"seen":{"f:12:22:12:44":0,"s:13:2:32:Infinity":0,"s:14:4:14:Infinity":1,"s:17:23:17:Infinity":2,"s:18:20:18:Infinity":3,"s:21:4:21:Infinity":4,"s:24:4:24:Infinity":5,"s:26:4:26:Infinity":6,"s:27:4:27:Infinity":7,"s:28:4:28:Infinity":8,"s:30:4:30:Infinity":9,"b:30:88:30:104:30:104:30:117":0,"s:31:4:31:Infinity":10}}}
,"/Users/ajitg/workspace/forge/src/commands/plan.ts": {"path":"/Users/ajitg/workspace/forge/src/commands/plan.ts","statementMap":{"0":{"start":{"line":17,"column":19},"end":{"line":17,"column":null}},"1":{"start":{"line":20,"column":18},"end":{"line":20,"column":null}},"2":{"start":{"line":23,"column":2},"end":{"line":23,"column":null}},"3":{"start":{"line":24,"column":18},"end":{"line":27,"column":null}},"4":{"start":{"line":30,"column":8},"end":{"line":30,"column":null}},"5":{"start":{"line":33,"column":2},"end":{"line":33,"column":null}},"6":{"start":{"line":34,"column":2},"end":{"line":34,"column":null}},"7":{"start":{"line":35,"column":2},"end":{"line":35,"column":null}},"8":{"start":{"line":36,"column":2},"end":{"line":36,"column":null}},"9":{"start":{"line":37,"column":2},"end":{"line":37,"column":null}}},"fnMap":{"0":{"name":"planCommand","decl":{"start":{"line":15,"column":22},"end":{"line":15,"column":34}},"loc":{"start":{"line":15,"column":95},"end":{"line":38,"column":null}},"line":15}},"branchMap":{},"s":{"0":0,"1":0,"2":0,"3":0,"4":0,"5":0,"6":0,"7":0,"8":0,"9":0},"f":{"0":0},"b":{},"meta":{"lastBranch":0,"lastFunction":1,"lastStatement":10,"seen":{"f:15:22:15:34":0,"s:17:19:17:Infinity":0,"s:20:18:20:Infinity":1,"s:23:2:23:Infinity":2,"s:24:18:27:Infinity":3,"s:30:8:30:Infinity":4,"s:33:2:33:Infinity":5,"s:34:2:34:Infinity":6,"s:35:2:35:Infinity":7,"s:36:2:36:Infinity":8,"s:37:2:37:Infinity":9}}}
,"/Users/ajitg/workspace/forge/src/config/analysis.ts": {"path":"/Users/ajitg/workspace/forge/src/config/analysis.ts","statementMap":{"0":{"start":{"line":9,"column":31},"end":{"line":9,"column":null}},"1":{"start":{"line":16,"column":27},"end":{"line":16,"column":null}},"2":{"start":{"line":24,"column":34},"end":{"line":24,"column":null}},"3":{"start":{"line":29,"column":29},"end":{"line":29,"column":null}}},"fnMap":{},"branchMap":{},"s":{"0":2,"1":2,"2":2,"3":2},"f":{},"b":{},"meta":{"lastBranch":0,"lastFunction":0,"lastStatement":4,"seen":{"s:9:31:9:Infinity":0,"s:16:27:16:Infinity":1,"s:24:34:24:Infinity":2,"s:29:29:29:Infinity":3}}}
,"/Users/ajitg/workspace/forge/src/config/planning.ts": {"path":"/Users/ajitg/workspace/forge/src/config/planning.ts","statementMap":{"0":{"start":{"line":4,"column":31},"end":{"line":4,"column":null}},"1":{"start":{"line":9,"column":28},"end":{"line":9,"column":null}},"2":{"start":{"line":14,"column":35},"end":{"line":14,"column":null}},"3":{"start":{"line":19,"column":29},"end":{"line":19,"column":null}}},"fnMap":{},"branchMap":{},"s":{"0":1,"1":1,"2":1,"3":1},"f":{},"b":{},"meta":{"lastBranch":0,"lastFunction":0,"lastStatement":4,"seen":{"s:4:31:4:Infinity":0,"s:9:28:9:Infinity":1,"s:14:35:14:Infinity":2,"s:19:29:19:Infinity":3}}}
,"/Users/ajitg/workspace/forge/src/config/sidecar.ts": {"path":"/Users/ajitg/workspace/forge/src/config/sidecar.ts","statementMap":{"0":{"start":{"line":5,"column":32},"end":{"line":5,"column":null}},"1":{"start":{"line":10,"column":33},"end":{"line":10,"column":null}}},"fnMap":{},"branchMap":{},"s":{"0":2,"1":2},"f":{},"b":{},"meta":{"lastBranch":0,"lastFunction":0,"lastStatement":2,"seen":{"s:5:32:5:Infinity":0,"s:10:33:10:Infinity":1}}}
,"/Users/ajitg/workspace/forge/src/contracts/analysis.ts": {"path":"/Users/ajitg/workspace/forge/src/contracts/analysis.ts","statementMap":{},"fnMap":{},"branchMap":{},"s":{},"f":{},"b":{},"meta":{"lastBranch":0,"lastFunction":0,"lastStatement":0,"seen":{}}}
,"/Users/ajitg/workspace/forge/src/contracts/assistants.ts": {"path":"/Users/ajitg/workspace/forge/src/contracts/assistants.ts","statementMap":{},"fnMap":{},"branchMap":{},"s":{},"f":{},"b":{},"meta":{"lastBranch":0,"lastFunction":0,"lastStatement":0,"seen":{}}}
,"/Users/ajitg/workspace/forge/src/contracts/planning.ts": {"path":"/Users/ajitg/workspace/forge/src/contracts/planning.ts","statementMap":{},"fnMap":{},"branchMap":{},"s":{},"f":{},"b":{},"meta":{"lastBranch":0,"lastFunction":0,"lastStatement":0,"seen":{}}}
,"/Users/ajitg/workspace/forge/src/contracts/summonable-entry.ts": {"path":"/Users/ajitg/workspace/forge/src/contracts/summonable-entry.ts","statementMap":{},"fnMap":{},"branchMap":{},"s":{},"f":{},"b":{},"meta":{"lastBranch":0,"lastFunction":0,"lastStatement":0,"seen":{}}}
,"/Users/ajitg/workspace/forge/src/lib/errors.ts": {"path":"/Users/ajitg/workspace/forge/src/lib/errors.ts","statementMap":{"0":{"start":{"line":3,"column":4},"end":{"line":3,"column":null}},"1":{"start":{"line":4,"column":4},"end":{"line":4,"column":null}},"2":{"start":{"line":13,"column":4},"end":{"line":13,"column":null}},"3":{"start":{"line":14,"column":4},"end":{"line":14,"column":null}},"4":{"start":{"line":23,"column":4},"end":{"line":23,"column":null}},"5":{"start":{"line":22,"column":47},"end":{"line":22,"column":82}},"6":{"start":{"line":22,"column":82},"end":{"line":22,"column":100}},"7":{"start":{"line":24,"column":4},"end":{"line":24,"column":null}},"8":{"start":{"line":33,"column":4},"end":{"line":33,"column":null}},"9":{"start":{"line":34,"column":4},"end":{"line":34,"column":null}}},"fnMap":{"0":{"name":"(anonymous_0)","decl":{"start":{"line":2,"column":2},"end":{"line":2,"column":14}},"loc":{"start":{"line":2,"column":31},"end":{"line":5,"column":null}},"line":2},"1":{"name":"(anonymous_1)","decl":{"start":{"line":12,"column":2},"end":{"line":12,"column":14}},"loc":{"start":{"line":12,"column":112},"end":{"line":15,"column":null}},"line":12},"2":{"name":"(anonymous_2)","decl":{"start":{"line":22,"column":2},"end":{"line":22,"column":14}},"loc":{"start":{"line":22,"column":100},"end":{"line":25,"column":null}},"line":22},"3":{"name":"(anonymous_3)","decl":{"start":{"line":32,"column":2},"end":{"line":32,"column":14}},"loc":{"start":{"line":32,"column":110},"end":{"line":35,"column":null}},"line":32}},"branchMap":{"0":{"loc":{"start":{"line":12,"column":14},"end":{"line":12,"column":112}},"type":"default-arg","locations":[{"start":{"line":12,"column":24},"end":{"line":12,"column":112}}],"line":12},"1":{"loc":{"start":{"line":32,"column":14},"end":{"line":32,"column":110}},"type":"default-arg","locations":[{"start":{"line":32,"column":24},"end":{"line":32,"column":110}}],"line":32}},"s":{"0":3,"1":3,"2":2,"3":2,"4":0,"5":0,"6":0,"7":0,"8":1,"9":1},"f":{"0":3,"1":2,"2":0,"3":1},"b":{"0":[2],"1":[1]},"meta":{"lastBranch":2,"lastFunction":4,"lastStatement":10,"seen":{"f:2:2:2:14":0,"s:3:4:3:Infinity":0,"s:4:4:4:Infinity":1,"f:12:2:12:14":1,"b:12:24:12:112":0,"s:13:4:13:Infinity":2,"s:14:4:14:Infinity":3,"f:22:2:22:14":2,"s:23:4:23:Infinity":4,"s:22:47:22:82":5,"s:22:82:22:100":6,"s:24:4:24:Infinity":7,"f:32:2:32:14":3,"b:32:24:32:110":1,"s:33:4:33:Infinity":8,"s:34:4:34:Infinity":9}}}
,"/Users/ajitg/workspace/forge/src/services/git.ts": {"path":"/Users/ajitg/workspace/forge/src/services/git.ts","statementMap":{"0":{"start":{"line":13,"column":4},"end":{"line":21,"column":null}},"1":{"start":{"line":14,"column":25},"end":{"line":14,"column":null}},"2":{"start":{"line":15,"column":6},"end":{"line":15,"column":null}},"3":{"start":{"line":17,"column":6},"end":{"line":19,"column":null}},"4":{"start":{"line":18,"column":8},"end":{"line":18,"column":null}},"5":{"start":{"line":20,"column":6},"end":{"line":20,"column":null}},"6":{"start":{"line":28,"column":4},"end":{"line":33,"column":null}},"7":{"start":{"line":29,"column":25},"end":{"line":29,"column":null}},"8":{"start":{"line":30,"column":6},"end":{"line":30,"column":null}},"9":{"start":{"line":32,"column":6},"end":{"line":32,"column":null}},"10":{"start":{"line":40,"column":4},"end":{"line":45,"column":null}},"11":{"start":{"line":41,"column":25},"end":{"line":41,"column":null}},"12":{"start":{"line":42,"column":6},"end":{"line":42,"column":null}},"13":{"start":{"line":44,"column":6},"end":{"line":44,"column":null}},"14":{"start":{"line":52,"column":4},"end":{"line":57,"column":null}},"15":{"start":{"line":53,"column":25},"end":{"line":53,"column":null}},"16":{"start":{"line":54,"column":6},"end":{"line":54,"column":null}},"17":{"start":{"line":56,"column":6},"end":{"line":56,"column":null}},"18":{"start":{"line":64,"column":4},"end":{"line":69,"column":null}},"19":{"start":{"line":65,"column":25},"end":{"line":65,"column":null}},"20":{"start":{"line":66,"column":6},"end":{"line":66,"column":null}},"21":{"start":{"line":68,"column":6},"end":{"line":68,"column":null}},"22":{"start":{"line":76,"column":17},"end":{"line":76,"column":null}},"23":{"start":{"line":77,"column":25},"end":{"line":77,"column":null}},"24":{"start":{"line":78,"column":4},"end":{"line":78,"column":null}},"25":{"start":{"line":86,"column":21},"end":{"line":86,"column":null}},"26":{"start":{"line":87,"column":4},"end":{"line":89,"column":null}},"27":{"start":{"line":88,"column":6},"end":{"line":88,"column":null}},"28":{"start":{"line":93,"column":19},"end":{"line":93,"column":null}}},"fnMap":{"0":{"name":"(anonymous_0)","decl":{"start":{"line":12,"column":8},"end":{"line":12,"column":39}},"loc":{"start":{"line":12,"column":39},"end":{"line":22,"column":null}},"line":12},"1":{"name":"(anonymous_1)","decl":{"start":{"line":27,"column":8},"end":{"line":27,"column":45}},"loc":{"start":{"line":27,"column":45},"end":{"line":34,"column":null}},"line":27},"2":{"name":"(anonymous_2)","decl":{"start":{"line":39,"column":8},"end":{"line":39,"column":37}},"loc":{"start":{"line":39,"column":37},"end":{"line":46,"column":null}},"line":39},"3":{"name":"(anonymous_3)","decl":{"start":{"line":51,"column":8},"end":{"line":51,"column":41}},"loc":{"start":{"line":51,"column":41},"end":{"line":58,"column":null}},"line":51},"4":{"name":"(anonymous_4)","decl":{"start":{"line":63,"column":8},"end":{"line":63,"column":52}},"loc":{"start":{"line":63,"column":52},"end":{"line":70,"column":null}},"line":63},"5":{"name":"(anonymous_5)","decl":{"start":{"line":75,"column":8},"end":{"line":75,"column":39}},"loc":{"start":{"line":75,"column":39},"end":{"line":79,"column":null}},"line":75},"6":{"name":"(anonymous_6)","decl":{"start":{"line":85,"column":8},"end":{"line":85,"column":38}},"loc":{"start":{"line":85,"column":38},"end":{"line":90,"column":null}},"line":85}},"branchMap":{"0":{"loc":{"start":{"line":17,"column":6},"end":{"line":19,"column":null}},"type":"if","locations":[{"start":{"line":17,"column":6},"end":{"line":19,"column":null}},{"start":{},"end":{}}],"line":17},"1":{"loc":{"start":{"line":87,"column":4},"end":{"line":89,"column":null}},"type":"if","locations":[{"start":{"line":87,"column":4},"end":{"line":89,"column":null}},{"start":{},"end":{}}],"line":87}},"s":{"0":4,"1":4,"2":2,"3":2,"4":1,"5":1,"6":5,"7":5,"8":4,"9":1,"10":2,"11":2,"12":1,"13":1,"14":2,"15":2,"16":1,"17":1,"18":2,"19":2,"20":1,"21":1,"22":1,"23":1,"24":1,"25":2,"26":2,"27":1,"28":1},"f":{"0":4,"1":5,"2":2,"3":2,"4":2,"5":1,"6":2},"b":{"0":[1,1],"1":[1,1]},"meta":{"lastBranch":2,"lastFunction":7,"lastStatement":29,"seen":{"f:12:8:12:39":0,"s:13:4:21:Infinity":0,"s:14:25:14:Infinity":1,"s:15:6:15:Infinity":2,"b:17:6:19:Infinity:undefined:undefined:undefined:undefined":0,"s:17:6:19:Infinity":3,"s:18:8:18:Infinity":4,"s:20:6:20:Infinity":5,"f:27:8:27:45":1,"s:28:4:33:Infinity":6,"s:29:25:29:Infinity":7,"s:30:6:30:Infinity":8,"s:32:6:32:Infinity":9,"f:39:8:39:37":2,"s:40:4:45:Infinity":10,"s:41:25:41:Infinity":11,"s:42:6:42:Infinity":12,"s:44:6:44:Infinity":13,"f:51:8:51:41":3,"s:52:4:57:Infinity":14,"s:53:25:53:Infinity":15,"s:54:6:54:Infinity":16,"s:56:6:56:Infinity":17,"f:63:8:63:52":4,"s:64:4:69:Infinity":18,"s:65:25:65:Infinity":19,"s:66:6:66:Infinity":20,"s:68:6:68:Infinity":21,"f:75:8:75:39":5,"s:76:17:76:Infinity":22,"s:77:25:77:Infinity":23,"s:78:4:78:Infinity":24,"f:85:8:85:38":6,"s:86:21:86:Infinity":25,"b:87:4:89:Infinity:undefined:undefined:undefined:undefined":1,"s:87:4:89:Infinity":26,"s:88:6:88:Infinity":27,"s:93:19:93:Infinity":28}}}
,"/Users/ajitg/workspace/forge/src/services/metadata.ts": {"path":"/Users/ajitg/workspace/forge/src/services/metadata.ts","statementMap":{"0":{"start":{"line":8,"column":32},"end":{"line":8,"column":null}},"1":{"start":{"line":14,"column":37},"end":{"line":73,"column":null}},"2":{"start":{"line":85,"column":2},"end":{"line":95,"column":null}},"3":{"start":{"line":86,"column":20},"end":{"line":86,"column":null}},"4":{"start":{"line":87,"column":17},"end":{"line":87,"column":null}},"5":{"start":{"line":88,"column":4},"end":{"line":88,"column":null}},"6":{"start":{"line":90,"column":4},"end":{"line":92,"column":null}},"7":{"start":{"line":91,"column":6},"end":{"line":91,"column":null}},"8":{"start":{"line":94,"column":4},"end":{"line":94,"column":null}},"9":{"start":{"line":104,"column":2},"end":{"line":104,"column":null}},"10":{"start":{"line":106,"column":14},"end":{"line":106,"column":null}},"11":{"start":{"line":107,"column":2},"end":{"line":107,"column":null}},"12":{"start":{"line":109,"column":19},"end":{"line":109,"column":null}},"13":{"start":{"line":110,"column":18},"end":{"line":110,"column":null}},"14":{"start":{"line":112,"column":2},"end":{"line":119,"column":null}},"15":{"start":{"line":113,"column":4},"end":{"line":113,"column":null}},"16":{"start":{"line":114,"column":4},"end":{"line":114,"column":null}},"17":{"start":{"line":118,"column":4},"end":{"line":118,"column":null}},"18":{"start":{"line":126,"column":8},"end":{"line":126,"column":null}},"19":{"start":{"line":127,"column":2},"end":{"line":132,"column":null}}},"fnMap":{"0":{"name":"readMetadata","decl":{"start":{"line":84,"column":22},"end":{"line":84,"column":35}},"loc":{"start":{"line":84,"column":90},"end":{"line":96,"column":null}},"line":84},"1":{"name":"writeMetadata","decl":{"start":{"line":102,"column":22},"end":{"line":102,"column":36}},"loc":{"start":{"line":102,"column":100},"end":{"line":120,"column":null}},"line":102},"2":{"name":"createNewMetadata","decl":{"start":{"line":125,"column":16},"end":{"line":125,"column":53}},"loc":{"start":{"line":125,"column":53},"end":{"line":133,"column":null}},"line":125}},"branchMap":{"0":{"loc":{"start":{"line":90,"column":4},"end":{"line":92,"column":null}},"type":"if","locations":[{"start":{"line":90,"column":4},"end":{"line":92,"column":null}},{"start":{},"end":{}}],"line":90}},"s":{"0":3,"1":3,"2":4,"3":4,"4":3,"5":3,"6":3,"7":1,"8":2,"9":3,"10":3,"11":3,"12":2,"13":2,"14":2,"15":2,"16":1,"17":1,"18":1,"19":1},"f":{"0":4,"1":3,"2":1},"b":{"0":[1,2]},"meta":{"lastBranch":1,"lastFunction":3,"lastStatement":20,"seen":{"s:8:32:8:Infinity":0,"s:14:37:73:Infinity":1,"f:84:22:84:35":0,"s:85:2:95:Infinity":2,"s:86:20:86:Infinity":3,"s:87:17:87:Infinity":4,"s:88:4:88:Infinity":5,"b:90:4:92:Infinity:undefined:undefined:undefined:undefined":0,"s:90:4:92:Infinity":6,"s:91:6:91:Infinity":7,"s:94:4:94:Infinity":8,"f:102:22:102:36":1,"s:104:2:104:Infinity":9,"s:106:14:106:Infinity":10,"s:107:2:107:Infinity":11,"s:109:19:109:Infinity":12,"s:110:18:110:Infinity":13,"s:112:2:119:Infinity":14,"s:113:4:113:Infinity":15,"s:114:4:114:Infinity":16,"s:118:4:118:Infinity":17,"f:125:16:125:53":2,"s:126:8:126:Infinity":18,"s:127:2:132:Infinity":19}}}
,"/Users/ajitg/workspace/forge/src/services/sidecar.ts": {"path":"/Users/ajitg/workspace/forge/src/services/sidecar.ts","statementMap":{"0":{"start":{"line":30,"column":19},"end":{"line":30,"column":null}},"1":{"start":{"line":31,"column":22},"end":{"line":31,"column":null}},"2":{"start":{"line":32,"column":23},"end":{"line":32,"column":null}},"3":{"start":{"line":34,"column":2},"end":{"line":38,"column":null}},"4":{"start":{"line":47,"column":18},"end":{"line":47,"column":null}},"5":{"start":{"line":50,"column":2},"end":{"line":50,"column":null}},"6":{"start":{"line":52,"column":17},"end":{"line":52,"column":null}},"7":{"start":{"line":54,"column":2},"end":{"line":60,"column":null}},"8":{"start":{"line":56,"column":4},"end":{"line":56,"column":null}},"9":{"start":{"line":59,"column":4},"end":{"line":59,"column":null}},"10":{"start":{"line":62,"column":2},"end":{"line":62,"column":null}},"11":{"start":{"line":64,"column":2},"end":{"line":67,"column":null}}},"fnMap":{"0":{"name":"deriveSidecarContext","decl":{"start":{"line":29,"column":16},"end":{"line":29,"column":37}},"loc":{"start":{"line":29,"column":71},"end":{"line":39,"column":null}},"line":29},"1":{"name":"initializeSidecar","decl":{"start":{"line":46,"column":22},"end":{"line":46,"column":40}},"loc":{"start":{"line":46,"column":115},"end":{"line":68,"column":null}},"line":46}},"branchMap":{"0":{"loc":{"start":{"line":54,"column":2},"end":{"line":60,"column":null}},"type":"if","locations":[{"start":{"line":54,"column":2},"end":{"line":60,"column":null}},{"start":{"line":57,"column":9},"end":{"line":60,"column":null}}],"line":54}},"s":{"0":3,"1":3,"2":3,"3":3,"4":2,"5":2,"6":2,"7":2,"8":1,"9":1,"10":2,"11":2},"f":{"0":3,"1":2},"b":{"0":[1,1]},"meta":{"lastBranch":1,"lastFunction":2,"lastStatement":12,"seen":{"f:29:16:29:37":0,"s:30:19:30:Infinity":0,"s:31:22:31:Infinity":1,"s:32:23:32:Infinity":2,"s:34:2:38:Infinity":3,"f:46:22:46:40":1,"s:47:18:47:Infinity":4,"s:50:2:50:Infinity":5,"s:52:17:52:Infinity":6,"b:54:2:60:Infinity:57:9:60:Infinity":0,"s:54:2:60:Infinity":7,"s:56:4:56:Infinity":8,"s:59:4:59:Infinity":9,"s:62:2:62:Infinity":10,"s:64:2:67:Infinity":11}}}
,"/Users/ajitg/workspace/forge/src/services/analysis/artifacts.ts": {"path":"/Users/ajitg/workspace/forge/src/services/analysis/artifacts.ts","statementMap":{"0":{"start":{"line":32,"column":15},"end":{"line":32,"column":null}},"1":{"start":{"line":33,"column":2},"end":{"line":37,"column":null}},"2":{"start":{"line":47,"column":19},"end":{"line":47,"column":null}},"3":{"start":{"line":48,"column":2},"end":{"line":50,"column":null}},"4":{"start":{"line":49,"column":4},"end":{"line":49,"column":null}},"5":{"start":{"line":53,"column":2},"end":{"line":57,"column":null}},"6":{"start":{"line":54,"column":4},"end":{"line":56,"column":null}},"7":{"start":{"line":59,"column":2},"end":{"line":59,"column":null}},"8":{"start":{"line":60,"column":2},"end":{"line":60,"column":null}},"9":{"start":{"line":61,"column":2},"end":{"line":61,"column":null}},"10":{"start":{"line":63,"column":2},"end":{"line":63,"column":null}},"11":{"start":{"line":79,"column":16},"end":{"line":79,"column":null}},"12":{"start":{"line":82,"column":2},"end":{"line":82,"column":null}},"13":{"start":{"line":84,"column":19},"end":{"line":84,"column":null}},"14":{"start":{"line":85,"column":23},"end":{"line":85,"column":null}},"15":{"start":{"line":86,"column":18},"end":{"line":86,"column":null}},"16":{"start":{"line":89,"column":2},"end":{"line":89,"column":null}},"17":{"start":{"line":93,"column":2},"end":{"line":93,"column":null}},"18":{"start":{"line":96,"column":38},"end":{"line":101,"column":null}},"19":{"start":{"line":104,"column":2},"end":{"line":104,"column":null}},"20":{"start":{"line":106,"column":2},"end":{"line":106,"column":null}},"21":{"start":{"line":114,"column":16},"end":{"line":114,"column":null}},"22":{"start":{"line":115,"column":2},"end":{"line":121,"column":null}},"23":{"start":{"line":116,"column":17},"end":{"line":116,"column":null}},"24":{"start":{"line":117,"column":4},"end":{"line":117,"column":null}},"25":{"start":{"line":120,"column":4},"end":{"line":120,"column":null}}},"fnMap":{"0":{"name":"deriveAnalysisPaths","decl":{"start":{"line":31,"column":16},"end":{"line":31,"column":36}},"loc":{"start":{"line":31,"column":76},"end":{"line":38,"column":null}},"line":31},"1":{"name":"registerAnalysisRun","decl":{"start":{"line":43,"column":22},"end":{"line":43,"column":null}},"loc":{"start":{"line":46,"column":17},"end":{"line":64,"column":null}},"line":46},"2":{"name":"persistAnalysisRun","decl":{"start":{"line":75,"column":22},"end":{"line":75,"column":null}},"loc":{"start":{"line":78,"column":31},"end":{"line":107,"column":null}},"line":78},"3":{"name":"loadLatestAnalysis","decl":{"start":{"line":113,"column":22},"end":{"line":113,"column":41}},"loc":{"start":{"line":113,"column":95},"end":{"line":122,"column":null}},"line":113}},"branchMap":{"0":{"loc":{"start":{"line":48,"column":2},"end":{"line":50,"column":null}},"type":"if","locations":[{"start":{"line":48,"column":2},"end":{"line":50,"column":null}},{"start":{},"end":{}}],"line":48},"1":{"loc":{"start":{"line":53,"column":2},"end":{"line":57,"column":null}},"type":"if","locations":[{"start":{"line":53,"column":2},"end":{"line":57,"column":null}},{"start":{},"end":{}}],"line":53}},"s":{"0":0,"1":0,"2":0,"3":0,"4":0,"5":0,"6":0,"7":0,"8":0,"9":0,"10":0,"11":0,"12":0,"13":0,"14":0,"15":0,"16":0,"17":0,"18":0,"19":0,"20":0,"21":0,"22":0,"23":0,"24":0,"25":0},"f":{"0":0,"1":0,"2":0,"3":0},"b":{"0":[0,0],"1":[0,0]},"meta":{"lastBranch":2,"lastFunction":4,"lastStatement":26,"seen":{"f:31:16:31:36":0,"s:32:15:32:Infinity":0,"s:33:2:37:Infinity":1,"f:43:22:43:Infinity":1,"s:47:19:47:Infinity":2,"b:48:2:50:Infinity:undefined:undefined:undefined:undefined":0,"s:48:2:50:Infinity":3,"s:49:4:49:Infinity":4,"b:53:2:57:Infinity:undefined:undefined:undefined:undefined":1,"s:53:2:57:Infinity":5,"s:54:4:56:Infinity":6,"s:59:2:59:Infinity":7,"s:60:2:60:Infinity":8,"s:61:2:61:Infinity":9,"s:63:2:63:Infinity":10,"f:75:22:75:Infinity":2,"s:79:16:79:Infinity":11,"s:82:2:82:Infinity":12,"s:84:19:84:Infinity":13,"s:85:23:85:Infinity":14,"s:86:18:86:Infinity":15,"s:89:2:89:Infinity":16,"s:93:2:93:Infinity":17,"s:96:38:101:Infinity":18,"s:104:2:104:Infinity":19,"s:106:2:106:Infinity":20,"f:113:22:113:41":3,"s:114:16:114:Infinity":21,"s:115:2:121:Infinity":22,"s:116:17:116:Infinity":23,"s:117:4:117:Infinity":24,"s:120:4:120:Infinity":25}}}
,"/Users/ajitg/workspace/forge/src/services/analysis/assistant-context.ts": {"path":"/Users/ajitg/workspace/forge/src/services/analysis/assistant-context.ts","statementMap":{"0":{"start":{"line":6,"column":22},"end":{"line":6,"column":40}},"1":{"start":{"line":9,"column":25},"end":{"line":9,"column":null}},"2":{"start":{"line":10,"column":19},"end":{"line":10,"column":null}},"3":{"start":{"line":12,"column":4},"end":{"line":17,"column":null}},"4":{"start":{"line":21,"column":23},"end":{"line":27,"column":null}},"5":{"start":{"line":29,"column":4},"end":{"line":37,"column":null}},"6":{"start":{"line":30,"column":6},"end":{"line":36,"column":null}},"7":{"start":{"line":31,"column":25},"end":{"line":31,"column":null}},"8":{"start":{"line":32,"column":8},"end":{"line":32,"column":null}},"9":{"start":{"line":33,"column":8},"end":{"line":33,"column":null}},"10":{"start":{"line":39,"column":4},"end":{"line":39,"column":null}},"11":{"start":{"line":43,"column":22},"end":{"line":46,"column":null}},"12":{"start":{"line":48,"column":32},"end":{"line":48,"column":null}},"13":{"start":{"line":50,"column":4},"end":{"line":61,"column":null}},"14":{"start":{"line":51,"column":6},"end":{"line":60,"column":null}},"15":{"start":{"line":52,"column":25},"end":{"line":52,"column":null}},"16":{"start":{"line":53,"column":22},"end":{"line":53,"column":null}},"17":{"start":{"line":54,"column":23},"end":{"line":56,"column":null}},"18":{"start":{"line":55,"column":26},"end":{"line":55,"column":44}},"19":{"start":{"line":56,"column":23},"end":{"line":56,"column":32}},"20":{"start":{"line":57,"column":8},"end":{"line":57,"column":null}},"21":{"start":{"line":63,"column":4},"end":{"line":63,"column":null}}},"fnMap":{"0":{"name":"(anonymous_0)","decl":{"start":{"line":6,"column":2},"end":{"line":6,"column":22}},"loc":{"start":{"line":6,"column":40},"end":{"line":6,"column":null}},"line":6},"1":{"name":"(anonymous_1)","decl":{"start":{"line":8,"column":8},"end":{"line":8,"column":53}},"loc":{"start":{"line":8,"column":53},"end":{"line":18,"column":null}},"line":8},"2":{"name":"(anonymous_2)","decl":{"start":{"line":20,"column":16},"end":{"line":20,"column":82}},"loc":{"start":{"line":20,"column":82},"end":{"line":40,"column":null}},"line":20},"3":{"name":"(anonymous_3)","decl":{"start":{"line":42,"column":16},"end":{"line":42,"column":65}},"loc":{"start":{"line":42,"column":65},"end":{"line":64,"column":null}},"line":42},"4":{"name":"(anonymous_4)","decl":{"start":{"line":55,"column":18},"end":{"line":55,"column":26}},"loc":{"start":{"line":55,"column":26},"end":{"line":55,"column":44}},"line":55},"5":{"name":"(anonymous_5)","decl":{"start":{"line":56,"column":15},"end":{"line":56,"column":23}},"loc":{"start":{"line":56,"column":23},"end":{"line":56,"column":32}},"line":56}},"branchMap":{},"s":{"0":3,"1":3,"2":3,"3":3,"4":3,"5":3,"6":13,"7":13,"8":13,"9":1,"10":2,"11":3,"12":3,"13":3,"14":6,"15":6,"16":6,"17":6,"18":0,"19":0,"20":6,"21":3},"f":{"0":3,"1":3,"2":3,"3":3,"4":0,"5":0},"b":{},"meta":{"lastBranch":0,"lastFunction":6,"lastStatement":22,"seen":{"f:6:2:6:22":0,"s:6:22:6:40":0,"f:8:8:8:53":1,"s:9:25:9:Infinity":1,"s:10:19:10:Infinity":2,"s:12:4:17:Infinity":3,"f:20:16:20:82":2,"s:21:23:27:Infinity":4,"s:29:4:37:Infinity":5,"s:30:6:36:Infinity":6,"s:31:25:31:Infinity":7,"s:32:8:32:Infinity":8,"s:33:8:33:Infinity":9,"s:39:4:39:Infinity":10,"f:42:16:42:65":3,"s:43:22:46:Infinity":11,"s:48:32:48:Infinity":12,"s:50:4:61:Infinity":13,"s:51:6:60:Infinity":14,"s:52:25:52:Infinity":15,"s:53:22:53:Infinity":16,"s:54:23:56:Infinity":17,"f:55:18:55:26":4,"s:55:26:55:44":18,"f:56:15:56:23":5,"s:56:23:56:32":19,"s:57:8:57:Infinity":20,"s:63:4:63:Infinity":21}}}
,"/Users/ajitg/workspace/forge/src/services/analysis/repository.ts": {"path":"/Users/ajitg/workspace/forge/src/services/analysis/repository.ts","statementMap":{"0":{"start":{"line":23,"column":4},"end":{"line":23,"column":null}},"1":{"start":{"line":24,"column":21},"end":{"line":24,"column":null}},"2":{"start":{"line":27,"column":23},"end":{"line":27,"column":null}},"3":{"start":{"line":30,"column":26},"end":{"line":30,"column":null}},"4":{"start":{"line":31,"column":30},"end":{"line":31,"column":null}},"5":{"start":{"line":32,"column":37},"end":{"line":32,"column":null}},"6":{"start":{"line":34,"column":49},"end":{"line":38,"column":null}},"7":{"start":{"line":40,"column":4},"end":{"line":46,"column":null}},"8":{"start":{"line":53,"column":47},"end":{"line":58,"column":null}},"9":{"start":{"line":60,"column":4},"end":{"line":65,"column":null}},"10":{"start":{"line":69,"column":34},"end":{"line":69,"column":null}}},"fnMap":{"0":{"name":"(anonymous_0)","decl":{"start":{"line":16,"column":8},"end":{"line":16,"column":16}},"loc":{"start":{"line":16,"column":53},"end":{"line":47,"column":null}},"line":16},"1":{"name":"(anonymous_1)","decl":{"start":{"line":52,"column":16},"end":{"line":52,"column":59}},"loc":{"start":{"line":52,"column":59},"end":{"line":66,"column":null}},"line":52}},"branchMap":{},"s":{"0":3,"1":3,"2":3,"3":3,"4":3,"5":3,"6":3,"7":3,"8":3,"9":3,"10":1},"f":{"0":3,"1":3},"b":{},"meta":{"lastBranch":0,"lastFunction":2,"lastStatement":11,"seen":{"f:16:8:16:16":0,"s:23:4:23:Infinity":0,"s:24:21:24:Infinity":1,"s:27:23:27:Infinity":2,"s:30:26:30:Infinity":3,"s:31:30:31:Infinity":4,"s:32:37:32:Infinity":5,"s:34:49:38:Infinity":6,"s:40:4:46:Infinity":7,"f:52:16:52:59":1,"s:53:47:58:Infinity":8,"s:60:4:65:Infinity":9,"s:69:34:69:Infinity":10}}}
,"/Users/ajitg/workspace/forge/src/services/analysis/run.ts": {"path":"/Users/ajitg/workspace/forge/src/services/analysis/run.ts","statementMap":{"0":{"start":{"line":14,"column":18},"end":{"line":14,"column":null}},"1":{"start":{"line":17,"column":24},"end":{"line":17,"column":null}},"2":{"start":{"line":20,"column":26},"end":{"line":20,"column":null}},"3":{"start":{"line":23,"column":27},"end":{"line":29,"column":null}},"4":{"start":{"line":32,"column":2},"end":{"line":32,"column":null}},"5":{"start":{"line":35,"column":2},"end":{"line":35,"column":null}},"6":{"start":{"line":37,"column":2},"end":{"line":37,"column":null}},"7":{"start":{"line":45,"column":44},"end":{"line":45,"column":null}},"8":{"start":{"line":48,"column":2},"end":{"line":57,"column":null}},"9":{"start":{"line":49,"column":4},"end":{"line":56,"column":null}},"10":{"start":{"line":60,"column":2},"end":{"line":68,"column":null}},"11":{"start":{"line":61,"column":4},"end":{"line":67,"column":null}},"12":{"start":{"line":71,"column":2},"end":{"line":80,"column":null}},"13":{"start":{"line":72,"column":4},"end":{"line":79,"column":null}},"14":{"start":{"line":82,"column":2},"end":{"line":82,"column":null}},"15":{"start":{"line":89,"column":8},"end":{"line":89,"column":null}},"16":{"start":{"line":90,"column":22},"end":{"line":90,"column":null}},"17":{"start":{"line":92,"column":18},"end":{"line":113,"column":null}},"18":{"start":{"line":108,"column":35},"end":{"line":111,"column":79}},"19":{"start":{"line":119,"column":2},"end":{"line":119,"column":null}},"20":{"start":{"line":120,"column":2},"end":{"line":120,"column":null}}},"fnMap":{"0":{"name":"runAnalysis","decl":{"start":{"line":12,"column":22},"end":{"line":12,"column":34}},"loc":{"start":{"line":12,"column":74},"end":{"line":38,"column":null}},"line":12},"1":{"name":"deriveRecommendations","decl":{"start":{"line":44,"column":9},"end":{"line":44,"column":31}},"loc":{"start":{"line":44,"column":71},"end":{"line":83,"column":null}},"line":44},"2":{"name":"generateHumanSummary","decl":{"start":{"line":88,"column":15},"end":{"line":88,"column":36}},"loc":{"start":{"line":88,"column":96},"end":{"line":121,"column":null}},"line":88},"3":{"name":"(anonymous_3)","decl":{"start":{"line":108,"column":28},"end":{"line":108,"column":35}},"loc":{"start":{"line":108,"column":35},"end":{"line":111,"column":79}},"line":108}},"branchMap":{"0":{"loc":{"start":{"line":48,"column":2},"end":{"line":57,"column":null}},"type":"if","locations":[{"start":{"line":48,"column":2},"end":{"line":57,"column":null}},{"start":{},"end":{}}],"line":48},"1":{"loc":{"start":{"line":48,"column":6},"end":{"line":48,"column":90}},"type":"binary-expr","locations":[{"start":{"line":48,"column":6},"end":{"line":48,"column":47}},{"start":{"line":48,"column":47},"end":{"line":48,"column":90}}],"line":48},"2":{"loc":{"start":{"line":60,"column":2},"end":{"line":68,"column":null}},"type":"if","locations":[{"start":{"line":60,"column":2},"end":{"line":68,"column":null}},{"start":{},"end":{}}],"line":60},"3":{"loc":{"start":{"line":71,"column":2},"end":{"line":80,"column":null}},"type":"if","locations":[{"start":{"line":71,"column":2},"end":{"line":80,"column":null}},{"start":{},"end":{}}],"line":71},"4":{"loc":{"start":{"line":102,"column":25},"end":{"line":102,"column":76}},"type":"binary-expr","locations":[{"start":{"line":102,"column":25},"end":{"line":102,"column":67}},{"start":{"line":102,"column":67},"end":{"line":102,"column":76}}],"line":102},"5":{"loc":{"start":{"line":103,"column":20},"end":{"line":103,"column":84}},"type":"binary-expr","locations":[{"start":{"line":103,"column":20},"end":{"line":103,"column":69}},{"start":{"line":103,"column":69},"end":{"line":103,"column":84}}],"line":103},"6":{"loc":{"start":{"line":104,"column":15},"end":{"line":104,"column":74}},"type":"binary-expr","locations":[{"start":{"line":104,"column":15},"end":{"line":104,"column":59}},{"start":{"line":104,"column":59},"end":{"line":104,"column":74}}],"line":104},"7":{"loc":{"start":{"line":107,"column":2},"end":{"line":112,"column":null}},"type":"cond-expr","locations":[{"start":{"line":108,"column":4},"end":{"line":111,"column":null}},{"start":{"line":112,"column":4},"end":{"line":112,"column":null}}],"line":107},"8":{"loc":{"start":{"line":111,"column":2},"end":{"line":111,"column":77}},"type":"cond-expr","locations":[{"start":{"line":111,"column":24},"end":{"line":111,"column":75}},{"start":{"line":111,"column":75},"end":{"line":111,"column":77}}],"line":111}},"s":{"0":3,"1":3,"2":3,"3":3,"4":3,"5":3,"6":3,"7":3,"8":3,"9":1,"10":3,"11":2,"12":3,"13":2,"14":3,"15":3,"16":3,"17":3,"18":5,"19":3,"20":3},"f":{"0":3,"1":3,"2":3,"3":5},"b":{"0":[1,2],"1":[3,2],"2":[2,1],"3":[2,1],"4":[3,2],"5":[3,2],"6":[3,2],"7":[2,1],"8":[3,2]},"meta":{"lastBranch":9,"lastFunction":4,"lastStatement":21,"seen":{"f:12:22:12:34":0,"s:14:18:14:Infinity":0,"s:17:24:17:Infinity":1,"s:20:26:20:Infinity":2,"s:23:27:29:Infinity":3,"s:32:2:32:Infinity":4,"s:35:2:35:Infinity":5,"s:37:2:37:Infinity":6,"f:44:9:44:31":1,"s:45:44:45:Infinity":7,"b:48:2:57:Infinity:undefined:undefined:undefined:undefined":0,"s:48:2:57:Infinity":8,"b:48:6:48:47:48:47:48:90":1,"s:49:4:56:Infinity":9,"b:60:2:68:Infinity:undefined:undefined:undefined:undefined":2,"s:60:2:68:Infinity":10,"s:61:4:67:Infinity":11,"b:71:2:80:Infinity:undefined:undefined:undefined:undefined":3,"s:71:2:80:Infinity":12,"s:72:4:79:Infinity":13,"s:82:2:82:Infinity":14,"f:88:15:88:36":2,"s:89:8:89:Infinity":15,"s:90:22:90:Infinity":16,"s:92:18:113:Infinity":17,"b:102:25:102:67:102:67:102:76":4,"b:103:20:103:69:103:69:103:84":5,"b:104:15:104:59:104:59:104:74":6,"b:108:4:111:Infinity:112:4:112:Infinity":7,"f:108:28:108:35":3,"s:108:35:111:79":18,"b:111:24:111:75:111:75:111:77":8,"s:119:2:119:Infinity":19,"s:120:2:120:Infinity":20}}}
,"/Users/ajitg/workspace/forge/src/services/analysis/stack.ts": {"path":"/Users/ajitg/workspace/forge/src/services/analysis/stack.ts","statementMap":{"0":{"start":{"line":6,"column":22},"end":{"line":6,"column":40}},"1":{"start":{"line":9,"column":24},"end":{"line":9,"column":null}},"2":{"start":{"line":10,"column":27},"end":{"line":10,"column":null}},"3":{"start":{"line":12,"column":33},"end":{"line":12,"column":null}},"4":{"start":{"line":13,"column":28},"end":{"line":13,"column":null}},"5":{"start":{"line":15,"column":4},"end":{"line":30,"column":null}},"6":{"start":{"line":16,"column":19},"end":{"line":16,"column":null}},"7":{"start":{"line":19,"column":6},"end":{"line":19,"column":null}},"8":{"start":{"line":19,"column":24},"end":{"line":19,"column":null}},"9":{"start":{"line":20,"column":6},"end":{"line":20,"column":null}},"10":{"start":{"line":20,"column":25},"end":{"line":20,"column":null}},"11":{"start":{"line":21,"column":6},"end":{"line":21,"column":null}},"12":{"start":{"line":21,"column":27},"end":{"line":21,"column":null}},"13":{"start":{"line":22,"column":6},"end":{"line":22,"column":null}},"14":{"start":{"line":22,"column":23},"end":{"line":22,"column":null}},"15":{"start":{"line":25,"column":6},"end":{"line":25,"column":null}},"16":{"start":{"line":25,"column":30},"end":{"line":25,"column":null}},"17":{"start":{"line":26,"column":6},"end":{"line":26,"column":null}},"18":{"start":{"line":26,"column":26},"end":{"line":26,"column":null}},"19":{"start":{"line":27,"column":6},"end":{"line":27,"column":null}},"20":{"start":{"line":27,"column":24},"end":{"line":27,"column":null}},"21":{"start":{"line":28,"column":6},"end":{"line":28,"column":null}},"22":{"start":{"line":28,"column":26},"end":{"line":28,"column":null}},"23":{"start":{"line":29,"column":6},"end":{"line":29,"column":null}},"24":{"start":{"line":29,"column":28},"end":{"line":29,"column":null}},"25":{"start":{"line":32,"column":4},"end":{"line":37,"column":null}},"26":{"start":{"line":41,"column":4},"end":{"line":46,"column":null}},"27":{"start":{"line":42,"column":22},"end":{"line":42,"column":null}},"28":{"start":{"line":43,"column":6},"end":{"line":43,"column":null}},"29":{"start":{"line":45,"column":6},"end":{"line":45,"column":null}},"30":{"start":{"line":50,"column":18},"end":{"line":55,"column":null}},"31":{"start":{"line":57,"column":4},"end":{"line":64,"column":null}},"32":{"start":{"line":58,"column":6},"end":{"line":63,"column":null}},"33":{"start":{"line":59,"column":8},"end":{"line":59,"column":null}},"34":{"start":{"line":60,"column":8},"end":{"line":60,"column":null}},"35":{"start":{"line":66,"column":4},"end":{"line":66,"column":null}}},"fnMap":{"0":{"name":"(anonymous_0)","decl":{"start":{"line":6,"column":2},"end":{"line":6,"column":22}},"loc":{"start":{"line":6,"column":40},"end":{"line":6,"column":null}},"line":6},"1":{"name":"(anonymous_1)","decl":{"start":{"line":8,"column":8},"end":{"line":8,"column":44}},"loc":{"start":{"line":8,"column":44},"end":{"line":38,"column":null}},"line":8},"2":{"name":"(anonymous_2)","decl":{"start":{"line":40,"column":16},"end":{"line":40,"column":55}},"loc":{"start":{"line":40,"column":55},"end":{"line":47,"column":null}},"line":40},"3":{"name":"(anonymous_3)","decl":{"start":{"line":49,"column":16},"end":{"line":49,"column":68}},"loc":{"start":{"line":49,"column":68},"end":{"line":67,"column":null}},"line":49}},"branchMap":{"0":{"loc":{"start":{"line":15,"column":4},"end":{"line":30,"column":null}},"type":"if","locations":[{"start":{"line":15,"column":4},"end":{"line":30,"column":null}},{"start":{},"end":{}}],"line":15},"1":{"loc":{"start":{"line":19,"column":6},"end":{"line":19,"column":null}},"type":"if","locations":[{"start":{"line":19,"column":6},"end":{"line":19,"column":null}},{"start":{},"end":{}}],"line":19},"2":{"loc":{"start":{"line":20,"column":6},"end":{"line":20,"column":null}},"type":"if","locations":[{"start":{"line":20,"column":6},"end":{"line":20,"column":null}},{"start":{},"end":{}}],"line":20},"3":{"loc":{"start":{"line":21,"column":6},"end":{"line":21,"column":null}},"type":"if","locations":[{"start":{"line":21,"column":6},"end":{"line":21,"column":null}},{"start":{},"end":{}}],"line":21},"4":{"loc":{"start":{"line":22,"column":6},"end":{"line":22,"column":null}},"type":"if","locations":[{"start":{"line":22,"column":6},"end":{"line":22,"column":null}},{"start":{},"end":{}}],"line":22},"5":{"loc":{"start":{"line":25,"column":6},"end":{"line":25,"column":null}},"type":"if","locations":[{"start":{"line":25,"column":6},"end":{"line":25,"column":null}},{"start":{},"end":{}}],"line":25},"6":{"loc":{"start":{"line":26,"column":6},"end":{"line":26,"column":null}},"type":"if","locations":[{"start":{"line":26,"column":6},"end":{"line":26,"column":null}},{"start":{},"end":{}}],"line":26},"7":{"loc":{"start":{"line":27,"column":6},"end":{"line":27,"column":null}},"type":"if","locations":[{"start":{"line":27,"column":6},"end":{"line":27,"column":null}},{"start":{},"end":{}}],"line":27},"8":{"loc":{"start":{"line":28,"column":6},"end":{"line":28,"column":null}},"type":"if","locations":[{"start":{"line":28,"column":6},"end":{"line":28,"column":null}},{"start":{},"end":{}}],"line":28},"9":{"loc":{"start":{"line":29,"column":6},"end":{"line":29,"column":null}},"type":"if","locations":[{"start":{"line":29,"column":6},"end":{"line":29,"column":null}},{"start":{},"end":{}}],"line":29},"10":{"loc":{"start":{"line":33,"column":16},"end":{"line":33,"column":null}},"type":"cond-expr","locations":[{"start":{"line":33,"column":30},"end":{"line":33,"column":45}},{"start":{"line":33,"column":45},"end":{"line":33,"column":null}}],"line":33}},"s":{"0":7,"1":7,"2":7,"3":7,"4":7,"5":7,"6":5,"7":5,"8":2,"9":5,"10":2,"11":5,"12":1,"13":5,"14":0,"15":5,"16":2,"17":5,"18":0,"19":5,"20":0,"21":5,"22":2,"23":5,"24":1,"25":7,"26":7,"27":7,"28":5,"29":2,"30":7,"31":7,"32":19,"33":19,"34":4,"35":3},"f":{"0":7,"1":7,"2":7,"3":7},"b":{"0":[5,2],"1":[2,3],"2":[2,3],"3":[1,4],"4":[0,5],"5":[2,3],"6":[0,5],"7":[0,5],"8":[2,3],"9":[1,4],"10":[5,2]},"meta":{"lastBranch":11,"lastFunction":4,"lastStatement":36,"seen":{"f:6:2:6:22":0,"s:6:22:6:40":0,"f:8:8:8:44":1,"s:9:24:9:Infinity":1,"s:10:27:10:Infinity":2,"s:12:33:12:Infinity":3,"s:13:28:13:Infinity":4,"b:15:4:30:Infinity:undefined:undefined:undefined:undefined":0,"s:15:4:30:Infinity":5,"s:16:19:16:Infinity":6,"b:19:6:19:Infinity:undefined:undefined:undefined:undefined":1,"s:19:6:19:Infinity":7,"s:19:24:19:Infinity":8,"b:20:6:20:Infinity:undefined:undefined:undefined:undefined":2,"s:20:6:20:Infinity":9,"s:20:25:20:Infinity":10,"b:21:6:21:Infinity:undefined:undefined:undefined:undefined":3,"s:21:6:21:Infinity":11,"s:21:27:21:Infinity":12,"b:22:6:22:Infinity:undefined:undefined:undefined:undefined":4,"s:22:6:22:Infinity":13,"s:22:23:22:Infinity":14,"b:25:6:25:Infinity:undefined:undefined:undefined:undefined":5,"s:25:6:25:Infinity":15,"s:25:30:25:Infinity":16,"b:26:6:26:Infinity:undefined:undefined:undefined:undefined":6,"s:26:6:26:Infinity":17,"s:26:26:26:Infinity":18,"b:27:6:27:Infinity:undefined:undefined:undefined:undefined":7,"s:27:6:27:Infinity":19,"s:27:24:27:Infinity":20,"b:28:6:28:Infinity:undefined:undefined:undefined:undefined":8,"s:28:6:28:Infinity":21,"s:28:26:28:Infinity":22,"b:29:6:29:Infinity:undefined:undefined:undefined:undefined":9,"s:29:6:29:Infinity":23,"s:29:28:29:Infinity":24,"s:32:4:37:Infinity":25,"b:33:30:33:45:33:45:33:Infinity":10,"f:40:16:40:55":2,"s:41:4:46:Infinity":26,"s:42:22:42:Infinity":27,"s:43:6:43:Infinity":28,"s:45:6:45:Infinity":29,"f:49:16:49:68":3,"s:50:18:55:Infinity":30,"s:57:4:64:Infinity":31,"s:58:6:63:Infinity":32,"s:59:8:59:Infinity":33,"s:60:8:60:Infinity":34,"s:66:4:66:Infinity":35}}}
,"/Users/ajitg/workspace/forge/src/services/analysis/structure.ts": {"path":"/Users/ajitg/workspace/forge/src/services/analysis/structure.ts","statementMap":{"0":{"start":{"line":6,"column":22},"end":{"line":6,"column":40}},"1":{"start":{"line":9,"column":24},"end":{"line":9,"column":null}},"2":{"start":{"line":10,"column":26},"end":{"line":10,"column":null}},"3":{"start":{"line":11,"column":24},"end":{"line":11,"column":null}},"4":{"start":{"line":13,"column":4},"end":{"line":17,"column":null}},"5":{"start":{"line":21,"column":4},"end":{"line":28,"column":null}},"6":{"start":{"line":22,"column":20},"end":{"line":22,"column":null}},"7":{"start":{"line":23,"column":6},"end":{"line":25,"column":null}},"8":{"start":{"line":24,"column":24},"end":{"line":24,"column":104}},"9":{"start":{"line":25,"column":21},"end":{"line":25,"column":30}},"10":{"start":{"line":27,"column":6},"end":{"line":27,"column":null}},"11":{"start":{"line":32,"column":32},"end":{"line":40,"column":null}},"12":{"start":{"line":42,"column":30},"end":{"line":42,"column":null}},"13":{"start":{"line":43,"column":4},"end":{"line":50,"column":null}},"14":{"start":{"line":44,"column":6},"end":{"line":49,"column":null}},"15":{"start":{"line":45,"column":8},"end":{"line":45,"column":null}},"16":{"start":{"line":46,"column":8},"end":{"line":46,"column":null}},"17":{"start":{"line":51,"column":4},"end":{"line":51,"column":null}},"18":{"start":{"line":55,"column":33},"end":{"line":62,"column":null}},"19":{"start":{"line":64,"column":30},"end":{"line":64,"column":null}},"20":{"start":{"line":65,"column":4},"end":{"line":72,"column":null}},"21":{"start":{"line":66,"column":6},"end":{"line":71,"column":null}},"22":{"start":{"line":67,"column":8},"end":{"line":67,"column":null}},"23":{"start":{"line":68,"column":8},"end":{"line":68,"column":null}},"24":{"start":{"line":73,"column":4},"end":{"line":73,"column":null}}},"fnMap":{"0":{"name":"(anonymous_0)","decl":{"start":{"line":6,"column":2},"end":{"line":6,"column":22}},"loc":{"start":{"line":6,"column":40},"end":{"line":6,"column":null}},"line":6},"1":{"name":"(anonymous_1)","decl":{"start":{"line":8,"column":8},"end":{"line":8,"column":46}},"loc":{"start":{"line":8,"column":46},"end":{"line":18,"column":null}},"line":8},"2":{"name":"(anonymous_2)","decl":{"start":{"line":20,"column":16},"end":{"line":20,"column":61}},"loc":{"start":{"line":20,"column":61},"end":{"line":29,"column":null}},"line":20},"3":{"name":"(anonymous_3)","decl":{"start":{"line":24,"column":16},"end":{"line":24,"column":24}},"loc":{"start":{"line":24,"column":24},"end":{"line":24,"column":104}},"line":24},"4":{"name":"(anonymous_4)","decl":{"start":{"line":25,"column":13},"end":{"line":25,"column":21}},"loc":{"start":{"line":25,"column":21},"end":{"line":25,"column":30}},"line":25},"5":{"name":"(anonymous_5)","decl":{"start":{"line":31,"column":16},"end":{"line":31,"column":57}},"loc":{"start":{"line":31,"column":57},"end":{"line":52,"column":null}},"line":31},"6":{"name":"(anonymous_6)","decl":{"start":{"line":54,"column":16},"end":{"line":54,"column":55}},"loc":{"start":{"line":54,"column":55},"end":{"line":74,"column":null}},"line":54}},"branchMap":{"0":{"loc":{"start":{"line":24,"column":24},"end":{"line":24,"column":104}},"type":"binary-expr","locations":[{"start":{"line":24,"column":24},"end":{"line":24,"column":46}},{"start":{"line":24,"column":46},"end":{"line":24,"column":76}},{"start":{"line":24,"column":76},"end":{"line":24,"column":104}}],"line":24}},"s":{"0":5,"1":5,"2":5,"3":5,"4":5,"5":5,"6":5,"7":4,"8":9,"9":4,"10":1,"11":5,"12":5,"13":5,"14":35,"15":35,"16":5,"17":5,"18":5,"19":5,"20":5,"21":30,"22":30,"23":2,"24":5},"f":{"0":5,"1":5,"2":5,"3":9,"4":4,"5":5,"6":5},"b":{"0":[9,6,5]},"meta":{"lastBranch":1,"lastFunction":7,"lastStatement":25,"seen":{"f:6:2:6:22":0,"s:6:22:6:40":0,"f:8:8:8:46":1,"s:9:24:9:Infinity":1,"s:10:26:10:Infinity":2,"s:11:24:11:Infinity":3,"s:13:4:17:Infinity":4,"f:20:16:20:61":2,"s:21:4:28:Infinity":5,"s:22:20:22:Infinity":6,"s:23:6:25:Infinity":7,"f:24:16:24:24":3,"s:24:24:24:104":8,"b:24:24:24:46:24:46:24:76:24:76:24:104":0,"f:25:13:25:21":4,"s:25:21:25:30":9,"s:27:6:27:Infinity":10,"f:31:16:31:57":5,"s:32:32:40:Infinity":11,"s:42:30:42:Infinity":12,"s:43:4:50:Infinity":13,"s:44:6:49:Infinity":14,"s:45:8:45:Infinity":15,"s:46:8:46:Infinity":16,"s:51:4:51:Infinity":17,"f:54:16:54:55":6,"s:55:33:62:Infinity":18,"s:64:30:64:Infinity":19,"s:65:4:72:Infinity":20,"s:66:6:71:Infinity":21,"s:67:8:67:Infinity":22,"s:68:8:68:Infinity":23,"s:73:4:73:Infinity":24}}}
,"/Users/ajitg/workspace/forge/src/services/assistants/claude.ts": {"path":"/Users/ajitg/workspace/forge/src/services/assistants/claude.ts","statementMap":{"0":{"start":{"line":14,"column":29},"end":{"line":14,"column":null}},"1":{"start":{"line":15,"column":18},"end":{"line":15,"column":null}},"2":{"start":{"line":16,"column":25},"end":{"line":16,"column":null}},"3":{"start":{"line":23,"column":4},"end":{"line":26,"column":null}},"4":{"start":{"line":34,"column":4},"end":{"line":34,"column":null}},"5":{"start":{"line":42,"column":4},"end":{"line":42,"column":null}},"6":{"start":{"line":46,"column":29},"end":{"line":46,"column":null}}},"fnMap":{"0":{"name":"(anonymous_0)","decl":{"start":{"line":22,"column":8},"end":{"line":22,"column":60}},"loc":{"start":{"line":22,"column":60},"end":{"line":27,"column":null}},"line":22},"1":{"name":"(anonymous_1)","decl":{"start":{"line":33,"column":2},"end":{"line":33,"column":19}},"loc":{"start":{"line":33,"column":64},"end":{"line":35,"column":null}},"line":33},"2":{"name":"(anonymous_2)","decl":{"start":{"line":40,"column":2},"end":{"line":40,"column":9}},"loc":{"start":{"line":40,"column":41},"end":{"line":43,"column":null}},"line":40}},"branchMap":{},"s":{"0":0,"1":0,"2":0,"3":0,"4":0,"5":0,"6":0},"f":{"0":0,"1":0,"2":0},"b":{},"meta":{"lastBranch":0,"lastFunction":3,"lastStatement":7,"seen":{"s:14:29:14:Infinity":0,"s:15:18:15:Infinity":1,"s:16:25:16:Infinity":2,"f:22:8:22:60":0,"s:23:4:26:Infinity":3,"f:33:2:33:19":1,"s:34:4:34:Infinity":4,"f:40:2:40:9":2,"s:42:4:42:Infinity":5,"s:46:29:46:Infinity":6}}}
,"/Users/ajitg/workspace/forge/src/services/assistants/codex.ts": {"path":"/Users/ajitg/workspace/forge/src/services/assistants/codex.ts","statementMap":{"0":{"start":{"line":14,"column":29},"end":{"line":14,"column":null}},"1":{"start":{"line":15,"column":18},"end":{"line":15,"column":null}},"2":{"start":{"line":16,"column":25},"end":{"line":16,"column":null}},"3":{"start":{"line":22,"column":4},"end":{"line":25,"column":null}},"4":{"start":{"line":33,"column":4},"end":{"line":33,"column":null}},"5":{"start":{"line":40,"column":4},"end":{"line":40,"column":null}},"6":{"start":{"line":44,"column":28},"end":{"line":44,"column":null}}},"fnMap":{"0":{"name":"(anonymous_0)","decl":{"start":{"line":21,"column":8},"end":{"line":21,"column":60}},"loc":{"start":{"line":21,"column":60},"end":{"line":26,"column":null}},"line":21},"1":{"name":"(anonymous_1)","decl":{"start":{"line":32,"column":2},"end":{"line":32,"column":19}},"loc":{"start":{"line":32,"column":64},"end":{"line":34,"column":null}},"line":32},"2":{"name":"(anonymous_2)","decl":{"start":{"line":39,"column":2},"end":{"line":39,"column":9}},"loc":{"start":{"line":39,"column":41},"end":{"line":41,"column":null}},"line":39}},"branchMap":{},"s":{"0":0,"1":0,"2":0,"3":0,"4":0,"5":0,"6":0},"f":{"0":0,"1":0,"2":0},"b":{},"meta":{"lastBranch":0,"lastFunction":3,"lastStatement":7,"seen":{"s:14:29:14:Infinity":0,"s:15:18:15:Infinity":1,"s:16:25:16:Infinity":2,"f:21:8:21:60":0,"s:22:4:25:Infinity":3,"f:32:2:32:19":1,"s:33:4:33:Infinity":4,"f:39:2:39:9":2,"s:40:4:40:Infinity":5,"s:44:28:44:Infinity":6}}}
,"/Users/ajitg/workspace/forge/src/services/assistants/copilot.ts": {"path":"/Users/ajitg/workspace/forge/src/services/assistants/copilot.ts","statementMap":{"0":{"start":{"line":17,"column":29},"end":{"line":17,"column":null}},"1":{"start":{"line":18,"column":18},"end":{"line":18,"column":null}},"2":{"start":{"line":19,"column":25},"end":{"line":19,"column":null}},"3":{"start":{"line":25,"column":4},"end":{"line":28,"column":null}},"4":{"start":{"line":36,"column":4},"end":{"line":36,"column":null}},"5":{"start":{"line":43,"column":4},"end":{"line":43,"column":null}},"6":{"start":{"line":54,"column":17},"end":{"line":54,"column":null}},"7":{"start":{"line":57,"column":4},"end":{"line":60,"column":null}},"8":{"start":{"line":62,"column":4},"end":{"line":62,"column":null}},"9":{"start":{"line":66,"column":30},"end":{"line":66,"column":null}}},"fnMap":{"0":{"name":"(anonymous_0)","decl":{"start":{"line":24,"column":8},"end":{"line":24,"column":60}},"loc":{"start":{"line":24,"column":60},"end":{"line":29,"column":null}},"line":24},"1":{"name":"(anonymous_1)","decl":{"start":{"line":34,"column":2},"end":{"line":34,"column":19}},"loc":{"start":{"line":34,"column":64},"end":{"line":37,"column":null}},"line":34},"2":{"name":"(anonymous_2)","decl":{"start":{"line":42,"column":2},"end":{"line":42,"column":9}},"loc":{"start":{"line":42,"column":41},"end":{"line":44,"column":null}},"line":42},"3":{"name":"(anonymous_3)","decl":{"start":{"line":52,"column":8},"end":{"line":52,"column":21}},"loc":{"start":{"line":52,"column":62},"end":{"line":63,"column":null}},"line":52}},"branchMap":{},"s":{"0":0,"1":0,"2":0,"3":0,"4":0,"5":0,"6":0,"7":0,"8":0,"9":0},"f":{"0":0,"1":0,"2":0,"3":0},"b":{},"meta":{"lastBranch":0,"lastFunction":4,"lastStatement":10,"seen":{"s:17:29:17:Infinity":0,"s:18:18:18:Infinity":1,"s:19:25:19:Infinity":2,"f:24:8:24:60":0,"s:25:4:28:Infinity":3,"f:34:2:34:19":1,"s:36:4:36:Infinity":4,"f:42:2:42:9":2,"s:43:4:43:Infinity":5,"f:52:8:52:21":3,"s:54:17:54:Infinity":6,"s:57:4:60:Infinity":7,"s:62:4:62:Infinity":8,"s:66:30:66:Infinity":9}}}
,"/Users/ajitg/workspace/forge/src/services/assistants/forge-agent.ts": {"path":"/Users/ajitg/workspace/forge/src/services/assistants/forge-agent.ts","statementMap":{"0":{"start":{"line":9,"column":48},"end":{"line":43,"column":null}}},"fnMap":{},"branchMap":{},"s":{"0":0},"f":{},"b":{},"meta":{"lastBranch":0,"lastFunction":0,"lastStatement":1,"seen":{"s:9:48:43:Infinity":0}}}
,"/Users/ajitg/workspace/forge/src/services/assistants/gemini.ts": {"path":"/Users/ajitg/workspace/forge/src/services/assistants/gemini.ts","statementMap":{"0":{"start":{"line":14,"column":29},"end":{"line":14,"column":null}},"1":{"start":{"line":15,"column":18},"end":{"line":15,"column":null}},"2":{"start":{"line":16,"column":25},"end":{"line":16,"column":null}},"3":{"start":{"line":22,"column":4},"end":{"line":25,"column":null}},"4":{"start":{"line":33,"column":4},"end":{"line":33,"column":null}},"5":{"start":{"line":40,"column":4},"end":{"line":40,"column":null}},"6":{"start":{"line":44,"column":29},"end":{"line":44,"column":null}}},"fnMap":{"0":{"name":"(anonymous_0)","decl":{"start":{"line":21,"column":8},"end":{"line":21,"column":60}},"loc":{"start":{"line":21,"column":60},"end":{"line":26,"column":null}},"line":21},"1":{"name":"(anonymous_1)","decl":{"start":{"line":32,"column":2},"end":{"line":32,"column":19}},"loc":{"start":{"line":32,"column":64},"end":{"line":34,"column":null}},"line":32},"2":{"name":"(anonymous_2)","decl":{"start":{"line":39,"column":2},"end":{"line":39,"column":9}},"loc":{"start":{"line":39,"column":41},"end":{"line":41,"column":null}},"line":39}},"branchMap":{},"s":{"0":0,"1":0,"2":0,"3":0,"4":0,"5":0,"6":0},"f":{"0":0,"1":0,"2":0},"b":{},"meta":{"lastBranch":0,"lastFunction":3,"lastStatement":7,"seen":{"s:14:29:14:Infinity":0,"s:15:18:15:Infinity":1,"s:16:25:16:Infinity":2,"f:21:8:21:60":0,"s:22:4:25:Infinity":3,"f:32:2:32:19":1,"s:33:4:33:Infinity":4,"f:39:2:39:9":2,"s:40:4:40:Infinity":5,"s:44:29:44:Infinity":6}}}
,"/Users/ajitg/workspace/forge/src/services/assistants/install.ts": {"path":"/Users/ajitg/workspace/forge/src/services/assistants/install.ts","statementMap":{"0":{"start":{"line":24,"column":48},"end":{"line":24,"column":null}},"1":{"start":{"line":27,"column":25},"end":{"line":27,"column":null}},"2":{"start":{"line":29,"column":4},"end":{"line":50,"column":null}},"3":{"start":{"line":30,"column":22},"end":{"line":30,"column":null}},"4":{"start":{"line":31,"column":6},"end":{"line":38,"column":null}},"5":{"start":{"line":32,"column":8},"end":{"line":36,"column":null}},"6":{"start":{"line":37,"column":8},"end":{"line":37,"column":null}},"7":{"start":{"line":40,"column":6},"end":{"line":49,"column":null}},"8":{"start":{"line":41,"column":23},"end":{"line":41,"column":null}},"9":{"start":{"line":42,"column":8},"end":{"line":42,"column":null}},"10":{"start":{"line":44,"column":8},"end":{"line":48,"column":null}},"11":{"start":{"line":52,"column":4},"end":{"line":52,"column":null}},"12":{"start":{"line":63,"column":25},"end":{"line":63,"column":null}},"13":{"start":{"line":65,"column":4},"end":{"line":71,"column":null}},"14":{"start":{"line":66,"column":6},"end":{"line":70,"column":null}},"15":{"start":{"line":73,"column":23},"end":{"line":73,"column":null}},"16":{"start":{"line":74,"column":20},"end":{"line":74,"column":null}},"17":{"start":{"line":76,"column":4},"end":{"line":114,"column":null}},"18":{"start":{"line":78,"column":6},"end":{"line":78,"column":null}},"19":{"start":{"line":81,"column":43},"end":{"line":81,"column":null}},"20":{"start":{"line":82,"column":6},"end":{"line":86,"column":null}},"21":{"start":{"line":83,"column":8},"end":{"line":83,"column":null}},"22":{"start":{"line":88,"column":6},"end":{"line":95,"column":null}},"23":{"start":{"line":89,"column":8},"end":{"line":94,"column":null}},"24":{"start":{"line":98,"column":6},"end":{"line":98,"column":null}},"25":{"start":{"line":100,"column":6},"end":{"line":107,"column":null}},"26":{"start":{"line":109,"column":6},"end":{"line":113,"column":null}},"27":{"start":{"line":118,"column":39},"end":{"line":118,"column":null}}},"fnMap":{"0":{"name":"(anonymous_0)","decl":{"start":{"line":23,"column":8},"end":{"line":23,"column":19}},"loc":{"start":{"line":23,"column":93},"end":{"line":53,"column":null}},"line":23},"1":{"name":"(anonymous_1)","decl":{"start":{"line":58,"column":8},"end":{"line":58,"column":null}},"loc":{"start":{"line":62,"column":39},"end":{"line":115,"column":null}},"line":62}},"branchMap":{"0":{"loc":{"start":{"line":31,"column":6},"end":{"line":38,"column":null}},"type":"if","locations":[{"start":{"line":31,"column":6},"end":{"line":38,"column":null}},{"start":{},"end":{}}],"line":31},"1":{"loc":{"start":{"line":47,"column":65},"end":{"line":47,"column":119}},"type":"cond-expr","locations":[{"start":{"line":47,"column":90},"end":{"line":47,"column":106}},{"start":{"line":47,"column":106},"end":{"line":47,"column":119}}],"line":47},"2":{"loc":{"start":{"line":65,"column":4},"end":{"line":71,"column":null}},"type":"if","locations":[{"start":{"line":65,"column":4},"end":{"line":71,"column":null}},{"start":{},"end":{}}],"line":65},"3":{"loc":{"start":{"line":69,"column":17},"end":{"line":69,"column":null}},"type":"binary-expr","locations":[{"start":{"line":69,"column":17},"end":{"line":69,"column":40}},{"start":{"line":69,"column":40},"end":{"line":69,"column":null}}],"line":69},"4":{"loc":{"start":{"line":88,"column":6},"end":{"line":95,"column":null}},"type":"if","locations":[{"start":{"line":88,"column":6},"end":{"line":95,"column":null}},{"start":{},"end":{}}],"line":88},"5":{"loc":{"start":{"line":103,"column":17},"end":{"line":105,"column":null}},"type":"cond-expr","locations":[{"start":{"line":104,"column":12},"end":{"line":104,"column":null}},{"start":{"line":105,"column":12},"end":{"line":105,"column":null}}],"line":103},"6":{"loc":{"start":{"line":112,"column":76},"end":{"line":112,"column":130}},"type":"cond-expr","locations":[{"start":{"line":112,"column":101},"end":{"line":112,"column":117}},{"start":{"line":112,"column":117},"end":{"line":112,"column":130}}],"line":112}},"s":{"0":0,"1":0,"2":0,"3":0,"4":0,"5":0,"6":0,"7":0,"8":0,"9":0,"10":0,"11":0,"12":0,"13":0,"14":0,"15":0,"16":0,"17":0,"18":0,"19":0,"20":0,"21":0,"22":0,"23":0,"24":0,"25":0,"26":0,"27":0},"f":{"0":0,"1":0},"b":{"0":[0,0],"1":[0,0],"2":[0,0],"3":[0,0],"4":[0,0],"5":[0,0],"6":[0,0]},"meta":{"lastBranch":7,"lastFunction":2,"lastStatement":28,"seen":{"f:23:8:23:19":0,"s:24:48:24:Infinity":0,"s:27:25:27:Infinity":1,"s:29:4:50:Infinity":2,"s:30:22:30:Infinity":3,"b:31:6:38:Infinity:undefined:undefined:undefined:undefined":0,"s:31:6:38:Infinity":4,"s:32:8:36:Infinity":5,"s:37:8:37:Infinity":6,"s:40:6:49:Infinity":7,"s:41:23:41:Infinity":8,"s:42:8:42:Infinity":9,"s:44:8:48:Infinity":10,"b:47:90:47:106:47:106:47:119":1,"s:52:4:52:Infinity":11,"f:58:8:58:Infinity":1,"s:63:25:63:Infinity":12,"b:65:4:71:Infinity:undefined:undefined:undefined:undefined":2,"s:65:4:71:Infinity":13,"s:66:6:70:Infinity":14,"b:69:17:69:40:69:40:69:Infinity":3,"s:73:23:73:Infinity":15,"s:74:20:74:Infinity":16,"s:76:4:114:Infinity":17,"s:78:6:78:Infinity":18,"s:81:43:81:Infinity":19,"s:82:6:86:Infinity":20,"s:83:8:83:Infinity":21,"b:88:6:95:Infinity:undefined:undefined:undefined:undefined":4,"s:88:6:95:Infinity":22,"s:89:8:94:Infinity":23,"s:98:6:98:Infinity":24,"s:100:6:107:Infinity":25,"b:104:12:104:Infinity:105:12:105:Infinity":5,"s:109:6:113:Infinity":26,"b:112:101:112:117:112:117:112:130":6,"s:118:39:118:Infinity":27}}}
,"/Users/ajitg/workspace/forge/src/services/assistants/registry.ts": {"path":"/Users/ajitg/workspace/forge/src/services/assistants/registry.ts","statementMap":{"0":{"start":{"line":33,"column":57},"end":{"line":33,"column":null}},"1":{"start":{"line":39,"column":4},"end":{"line":39,"column":null}},"2":{"start":{"line":46,"column":4},"end":{"line":46,"column":null}},"3":{"start":{"line":53,"column":4},"end":{"line":58,"column":null}},"4":{"start":{"line":53,"column":56},"end":{"line":58,"column":6}},"5":{"start":{"line":65,"column":45},"end":{"line":65,"column":null}},"6":{"start":{"line":66,"column":4},"end":{"line":68,"column":null}},"7":{"start":{"line":67,"column":6},"end":{"line":67,"column":null}},"8":{"start":{"line":69,"column":4},"end":{"line":69,"column":null}},"9":{"start":{"line":73,"column":33},"end":{"line":73,"column":null}},"10":{"start":{"line":76,"column":0},"end":{"line":76,"column":null}},"11":{"start":{"line":77,"column":0},"end":{"line":77,"column":null}},"12":{"start":{"line":78,"column":0},"end":{"line":78,"column":null}},"13":{"start":{"line":79,"column":0},"end":{"line":79,"column":null}}},"fnMap":{"0":{"name":"(anonymous_0)","decl":{"start":{"line":38,"column":2},"end":{"line":38,"column":11}},"loc":{"start":{"line":38,"column":44},"end":{"line":40,"column":null}},"line":38},"1":{"name":"(anonymous_1)","decl":{"start":{"line":45,"column":2},"end":{"line":45,"column":6}},"loc":{"start":{"line":45,"column":53},"end":{"line":47,"column":null}},"line":45},"2":{"name":"(anonymous_2)","decl":{"start":{"line":52,"column":2},"end":{"line":52,"column":44}},"loc":{"start":{"line":52,"column":44},"end":{"line":59,"column":null}},"line":52},"3":{"name":"(anonymous_3)","decl":{"start":{"line":53,"column":50},"end":{"line":53,"column":56}},"loc":{"start":{"line":53,"column":56},"end":{"line":58,"column":6}},"line":53},"4":{"name":"(anonymous_4)","decl":{"start":{"line":64,"column":8},"end":{"line":64,"column":65}},"loc":{"start":{"line":64,"column":65},"end":{"line":70,"column":null}},"line":64}},"branchMap":{},"s":{"0":0,"1":0,"2":0,"3":0,"4":0,"5":0,"6":0,"7":0,"8":0,"9":0,"10":0,"11":0,"12":0,"13":0},"f":{"0":0,"1":0,"2":0,"3":0,"4":0},"b":{},"meta":{"lastBranch":0,"lastFunction":5,"lastStatement":14,"seen":{"s:33:57:33:Infinity":0,"f:38:2:38:11":0,"s:39:4:39:Infinity":1,"f:45:2:45:6":1,"s:46:4:46:Infinity":2,"f:52:2:52:44":2,"s:53:4:58:Infinity":3,"f:53:50:53:56":3,"s:53:56:58:6":4,"f:64:8:64:65":4,"s:65:45:65:Infinity":5,"s:66:4:68:Infinity":6,"s:67:6:67:Infinity":7,"s:69:4:69:Infinity":8,"s:73:33:73:Infinity":9,"s:76:0:76:Infinity":10,"s:77:0:77:Infinity":11,"s:78:0:78:Infinity":12,"s:79:0:79:Infinity":13}}}
,"/Users/ajitg/workspace/forge/src/services/assistants/render-entry.ts": {"path":"/Users/ajitg/workspace/forge/src/services/assistants/render-entry.ts","statementMap":{"0":{"start":{"line":18,"column":28},"end":{"line":18,"column":null}},"1":{"start":{"line":21,"column":4},"end":{"line":21,"column":null}},"2":{"start":{"line":22,"column":4},"end":{"line":22,"column":null}},"3":{"start":{"line":23,"column":4},"end":{"line":23,"column":null}},"4":{"start":{"line":24,"column":4},"end":{"line":24,"column":null}},"5":{"start":{"line":27,"column":4},"end":{"line":27,"column":null}},"6":{"start":{"line":28,"column":4},"end":{"line":28,"column":null}},"7":{"start":{"line":29,"column":4},"end":{"line":29,"column":null}},"8":{"start":{"line":32,"column":4},"end":{"line":42,"column":null}},"9":{"start":{"line":33,"column":6},"end":{"line":33,"column":null}},"10":{"start":{"line":34,"column":6},"end":{"line":34,"column":null}},"11":{"start":{"line":35,"column":6},"end":{"line":41,"column":null}},"12":{"start":{"line":36,"column":8},"end":{"line":36,"column":null}},"13":{"start":{"line":37,"column":8},"end":{"line":37,"column":null}},"14":{"start":{"line":38,"column":8},"end":{"line":38,"column":null}},"15":{"start":{"line":39,"column":8},"end":{"line":39,"column":null}},"16":{"start":{"line":40,"column":8},"end":{"line":40,"column":null}},"17":{"start":{"line":45,"column":4},"end":{"line":51,"column":null}},"18":{"start":{"line":46,"column":6},"end":{"line":46,"column":null}},"19":{"start":{"line":47,"column":6},"end":{"line":49,"column":null}},"20":{"start":{"line":48,"column":8},"end":{"line":48,"column":null}},"21":{"start":{"line":50,"column":6},"end":{"line":50,"column":null}},"22":{"start":{"line":54,"column":4},"end":{"line":60,"column":null}},"23":{"start":{"line":55,"column":6},"end":{"line":55,"column":null}},"24":{"start":{"line":56,"column":6},"end":{"line":58,"column":null}},"25":{"start":{"line":57,"column":8},"end":{"line":57,"column":null}},"26":{"start":{"line":59,"column":6},"end":{"line":59,"column":null}},"27":{"start":{"line":62,"column":4},"end":{"line":62,"column":null}},"28":{"start":{"line":66,"column":29},"end":{"line":66,"column":null}}},"fnMap":{"0":{"name":"(anonymous_0)","decl":{"start":{"line":17,"column":2},"end":{"line":17,"column":19}},"loc":{"start":{"line":17,"column":51},"end":{"line":63,"column":null}},"line":17}},"branchMap":{"0":{"loc":{"start":{"line":32,"column":4},"end":{"line":42,"column":null}},"type":"if","locations":[{"start":{"line":32,"column":4},"end":{"line":42,"column":null}},{"start":{},"end":{}}],"line":32},"1":{"loc":{"start":{"line":45,"column":4},"end":{"line":51,"column":null}},"type":"if","locations":[{"start":{"line":45,"column":4},"end":{"line":51,"column":null}},{"start":{},"end":{}}],"line":45},"2":{"loc":{"start":{"line":54,"column":4},"end":{"line":60,"column":null}},"type":"if","locations":[{"start":{"line":54,"column":4},"end":{"line":60,"column":null}},{"start":{},"end":{}}],"line":54}},"s":{"0":0,"1":0,"2":0,"3":0,"4":0,"5":0,"6":0,"7":0,"8":0,"9":0,"10":0,"11":0,"12":0,"13":0,"14":0,"15":0,"16":0,"17":0,"18":0,"19":0,"20":0,"21":0,"22":0,"23":0,"24":0,"25":0,"26":0,"27":0,"28":0},"f":{"0":0},"b":{"0":[0,0],"1":[0,0],"2":[0,0]},"meta":{"lastBranch":3,"lastFunction":1,"lastStatement":29,"seen":{"f:17:2:17:19":0,"s:18:28:18:Infinity":0,"s:21:4:21:Infinity":1,"s:22:4:22:Infinity":2,"s:23:4:23:Infinity":3,"s:24:4:24:Infinity":4,"s:27:4:27:Infinity":5,"s:28:4:28:Infinity":6,"s:29:4:29:Infinity":7,"b:32:4:42:Infinity:undefined:undefined:undefined:undefined":0,"s:32:4:42:Infinity":8,"s:33:6:33:Infinity":9,"s:34:6:34:Infinity":10,"s:35:6:41:Infinity":11,"s:36:8:36:Infinity":12,"s:37:8:37:Infinity":13,"s:38:8:38:Infinity":14,"s:39:8:39:Infinity":15,"s:40:8:40:Infinity":16,"b:45:4:51:Infinity:undefined:undefined:undefined:undefined":1,"s:45:4:51:Infinity":17,"s:46:6:46:Infinity":18,"s:47:6:49:Infinity":19,"s:48:8:48:Infinity":20,"s:50:6:50:Infinity":21,"b:54:4:60:Infinity:undefined:undefined:undefined:undefined":2,"s:54:4:60:Infinity":22,"s:55:6:55:Infinity":23,"s:56:6:58:Infinity":24,"s:57:8:57:Infinity":25,"s:59:6:59:Infinity":26,"s:62:4:62:Infinity":27,"s:66:29:66:Infinity":28}}}
,"/Users/ajitg/workspace/forge/src/services/planning/artifacts.ts": {"path":"/Users/ajitg/workspace/forge/src/services/planning/artifacts.ts","statementMap":{"0":{"start":{"line":26,"column":15},"end":{"line":26,"column":null}},"1":{"start":{"line":27,"column":2},"end":{"line":32,"column":null}},"2":{"start":{"line":39,"column":26},"end":{"line":51,"column":null}},"3":{"start":{"line":53,"column":2},"end":{"line":70,"column":null}},"4":{"start":{"line":54,"column":4},"end":{"line":54,"column":null}},"5":{"start":{"line":55,"column":4},"end":{"line":55,"column":null}},"6":{"start":{"line":56,"column":4},"end":{"line":56,"column":null}},"7":{"start":{"line":57,"column":4},"end":{"line":57,"column":null}},"8":{"start":{"line":58,"column":4},"end":{"line":58,"column":null}},"9":{"start":{"line":59,"column":4},"end":{"line":59,"column":null}},"10":{"start":{"line":60,"column":4},"end":{"line":64,"column":null}},"11":{"start":{"line":61,"column":6},"end":{"line":61,"column":null}},"12":{"start":{"line":62,"column":6},"end":{"line":62,"column":null}},"13":{"start":{"line":62,"column":32},"end":{"line":62,"column":56}},"14":{"start":{"line":63,"column":6},"end":{"line":63,"column":null}},"15":{"start":{"line":65,"column":4},"end":{"line":69,"column":null}},"16":{"start":{"line":66,"column":6},"end":{"line":66,"column":null}},"17":{"start":{"line":67,"column":6},"end":{"line":67,"column":null}},"18":{"start":{"line":68,"column":6},"end":{"line":68,"column":null}},"19":{"start":{"line":72,"column":2},"end":{"line":72,"column":null}},"20":{"start":{"line":73,"column":2},"end":{"line":73,"column":null}},"21":{"start":{"line":74,"column":2},"end":{"line":74,"column":null}},"22":{"start":{"line":75,"column":2},"end":{"line":77,"column":null}},"23":{"start":{"line":76,"column":4},"end":{"line":76,"column":null}},"24":{"start":{"line":78,"column":2},"end":{"line":80,"column":null}},"25":{"start":{"line":79,"column":4},"end":{"line":79,"column":null}},"26":{"start":{"line":81,"column":2},"end":{"line":83,"column":null}},"27":{"start":{"line":82,"column":4},"end":{"line":82,"column":null}},"28":{"start":{"line":85,"column":2},"end":{"line":85,"column":null}},"29":{"start":{"line":95,"column":19},"end":{"line":95,"column":null}},"30":{"start":{"line":96,"column":2},"end":{"line":98,"column":null}},"31":{"start":{"line":97,"column":4},"end":{"line":97,"column":null}},"32":{"start":{"line":101,"column":2},"end":{"line":105,"column":null}},"33":{"start":{"line":102,"column":4},"end":{"line":104,"column":null}},"34":{"start":{"line":107,"column":2},"end":{"line":107,"column":null}},"35":{"start":{"line":108,"column":2},"end":{"line":108,"column":null}},"36":{"start":{"line":109,"column":2},"end":{"line":109,"column":null}},"37":{"start":{"line":111,"column":2},"end":{"line":111,"column":null}},"38":{"start":{"line":122,"column":16},"end":{"line":122,"column":null}},"39":{"start":{"line":125,"column":2},"end":{"line":125,"column":null}},"40":{"start":{"line":127,"column":19},"end":{"line":127,"column":null}},"41":{"start":{"line":128,"column":21},"end":{"line":128,"column":null}},"42":{"start":{"line":129,"column":23},"end":{"line":129,"column":null}},"43":{"start":{"line":130,"column":17},"end":{"line":130,"column":null}},"44":{"start":{"line":132,"column":18},"end":{"line":132,"column":null}},"45":{"start":{"line":133,"column":19},"end":{"line":133,"column":null}},"46":{"start":{"line":136,"column":2},"end":{"line":136,"column":null}},"47":{"start":{"line":137,"column":2},"end":{"line":137,"column":null}},"48":{"start":{"line":140,"column":2},"end":{"line":140,"column":null}},"49":{"start":{"line":141,"column":2},"end":{"line":141,"column":null}},"50":{"start":{"line":144,"column":34},"end":{"line":149,"column":null}},"51":{"start":{"line":152,"column":2},"end":{"line":152,"column":null}},"52":{"start":{"line":154,"column":2},"end":{"line":154,"column":null}},"53":{"start":{"line":162,"column":16},"end":{"line":162,"column":null}},"54":{"start":{"line":163,"column":2},"end":{"line":169,"column":null}},"55":{"start":{"line":164,"column":17},"end":{"line":164,"column":null}},"56":{"start":{"line":165,"column":4},"end":{"line":165,"column":null}},"57":{"start":{"line":168,"column":4},"end":{"line":168,"column":null}}},"fnMap":{"0":{"name":"derivePlanningPaths","decl":{"start":{"line":25,"column":16},"end":{"line":25,"column":36}},"loc":{"start":{"line":25,"column":76},"end":{"line":33,"column":null}},"line":25},"1":{"name":"planToMarkdown","decl":{"start":{"line":38,"column":16},"end":{"line":38,"column":31}},"loc":{"start":{"line":38,"column":53},"end":{"line":86,"column":null}},"line":38},"2":{"name":"(anonymous_2)","decl":{"start":{"line":62,"column":27},"end":{"line":62,"column":32}},"loc":{"start":{"line":62,"column":32},"end":{"line":62,"column":56}},"line":62},"3":{"name":"registerPlanRun","decl":{"start":{"line":91,"column":22},"end":{"line":91,"column":null}},"loc":{"start":{"line":94,"column":17},"end":{"line":112,"column":null}},"line":94},"4":{"name":"persistPlanRun","decl":{"start":{"line":118,"column":22},"end":{"line":118,"column":null}},"loc":{"start":{"line":121,"column":27},"end":{"line":155,"column":null}},"line":121},"5":{"name":"loadLatestPlan","decl":{"start":{"line":161,"column":22},"end":{"line":161,"column":37}},"loc":{"start":{"line":161,"column":87},"end":{"line":170,"column":null}},"line":161}},"branchMap":{"0":{"loc":{"start":{"line":60,"column":4},"end":{"line":64,"column":null}},"type":"if","locations":[{"start":{"line":60,"column":4},"end":{"line":64,"column":null}},{"start":{},"end":{}}],"line":60},"1":{"loc":{"start":{"line":60,"column":8},"end":{"line":60,"column":49}},"type":"binary-expr","locations":[{"start":{"line":60,"column":8},"end":{"line":60,"column":24}},{"start":{"line":60,"column":24},"end":{"line":60,"column":49}}],"line":60},"2":{"loc":{"start":{"line":65,"column":4},"end":{"line":69,"column":null}},"type":"if","locations":[{"start":{"line":65,"column":4},"end":{"line":69,"column":null}},{"start":{},"end":{}}],"line":65},"3":{"loc":{"start":{"line":74,"column":32},"end":{"line":74,"column":70}},"type":"cond-expr","locations":[{"start":{"line":74,"column":58},"end":{"line":74,"column":66}},{"start":{"line":74,"column":66},"end":{"line":74,"column":70}}],"line":74},"4":{"loc":{"start":{"line":75,"column":2},"end":{"line":77,"column":null}},"type":"if","locations":[{"start":{"line":75,"column":2},"end":{"line":77,"column":null}},{"start":{},"end":{}}],"line":75},"5":{"loc":{"start":{"line":78,"column":2},"end":{"line":80,"column":null}},"type":"if","locations":[{"start":{"line":78,"column":2},"end":{"line":80,"column":null}},{"start":{},"end":{}}],"line":78},"6":{"loc":{"start":{"line":81,"column":2},"end":{"line":83,"column":null}},"type":"if","locations":[{"start":{"line":81,"column":2},"end":{"line":83,"column":null}},{"start":{},"end":{}}],"line":81},"7":{"loc":{"start":{"line":96,"column":2},"end":{"line":98,"column":null}},"type":"if","locations":[{"start":{"line":96,"column":2},"end":{"line":98,"column":null}},{"start":{},"end":{}}],"line":96},"8":{"loc":{"start":{"line":101,"column":2},"end":{"line":105,"column":null}},"type":"if","locations":[{"start":{"line":101,"column":2},"end":{"line":105,"column":null}},{"start":{},"end":{}}],"line":101}},"s":{"0":0,"1":0,"2":0,"3":0,"4":0,"5":0,"6":0,"7":0,"8":0,"9":0,"10":0,"11":0,"12":0,"13":0,"14":0,"15":0,"16":0,"17":0,"18":0,"19":0,"20":0,"21":0,"22":0,"23":0,"24":0,"25":0,"26":0,"27":0,"28":0,"29":0,"30":0,"31":0,"32":0,"33":0,"34":0,"35":0,"36":0,"37":0,"38":0,"39":0,"40":0,"41":0,"42":0,"43":0,"44":0,"45":0,"46":0,"47":0,"48":0,"49":0,"50":0,"51":0,"52":0,"53":0,"54":0,"55":0,"56":0,"57":0},"f":{"0":0,"1":0,"2":0,"3":0,"4":0,"5":0},"b":{"0":[0,0],"1":[0,0],"2":[0,0],"3":[0,0],"4":[0,0],"5":[0,0],"6":[0,0],"7":[0,0],"8":[0,0]},"meta":{"lastBranch":9,"lastFunction":6,"lastStatement":58,"seen":{"f:25:16:25:36":0,"s:26:15:26:Infinity":0,"s:27:2:32:Infinity":1,"f:38:16:38:31":1,"s:39:26:51:Infinity":2,"s:53:2:70:Infinity":3,"s:54:4:54:Infinity":4,"s:55:4:55:Infinity":5,"s:56:4:56:Infinity":6,"s:57:4:57:Infinity":7,"s:58:4:58:Infinity":8,"s:59:4:59:Infinity":9,"b:60:4:64:Infinity:undefined:undefined:undefined:undefined":0,"s:60:4:64:Infinity":10,"b:60:8:60:24:60:24:60:49":1,"s:61:6:61:Infinity":11,"s:62:6:62:Infinity":12,"f:62:27:62:32":2,"s:62:32:62:56":13,"s:63:6:63:Infinity":14,"b:65:4:69:Infinity:undefined:undefined:undefined:undefined":2,"s:65:4:69:Infinity":15,"s:66:6:66:Infinity":16,"s:67:6:67:Infinity":17,"s:68:6:68:Infinity":18,"s:72:2:72:Infinity":19,"s:73:2:73:Infinity":20,"s:74:2:74:Infinity":21,"b:74:58:74:66:74:66:74:70":3,"b:75:2:77:Infinity:undefined:undefined:undefined:undefined":4,"s:75:2:77:Infinity":22,"s:76:4:76:Infinity":23,"b:78:2:80:Infinity:undefined:undefined:undefined:undefined":5,"s:78:2:80:Infinity":24,"s:79:4:79:Infinity":25,"b:81:2:83:Infinity:undefined:undefined:undefined:undefined":6,"s:81:2:83:Infinity":26,"s:82:4:82:Infinity":27,"s:85:2:85:Infinity":28,"f:91:22:91:Infinity":3,"s:95:19:95:Infinity":29,"b:96:2:98:Infinity:undefined:undefined:undefined:undefined":7,"s:96:2:98:Infinity":30,"s:97:4:97:Infinity":31,"b:101:2:105:Infinity:undefined:undefined:undefined:undefined":8,"s:101:2:105:Infinity":32,"s:102:4:104:Infinity":33,"s:107:2:107:Infinity":34,"s:108:2:108:Infinity":35,"s:109:2:109:Infinity":36,"s:111:2:111:Infinity":37,"f:118:22:118:Infinity":4,"s:122:16:122:Infinity":38,"s:125:2:125:Infinity":39,"s:127:19:127:Infinity":40,"s:128:21:128:Infinity":41,"s:129:23:129:Infinity":42,"s:130:17:130:Infinity":43,"s:132:18:132:Infinity":44,"s:133:19:133:Infinity":45,"s:136:2:136:Infinity":46,"s:137:2:137:Infinity":47,"s:140:2:140:Infinity":48,"s:141:2:141:Infinity":49,"s:144:34:149:Infinity":50,"s:152:2:152:Infinity":51,"s:154:2:154:Infinity":52,"f:161:22:161:37":5,"s:162:16:162:Infinity":53,"s:163:2:169:Infinity":54,"s:164:17:164:Infinity":55,"s:165:4:165:Infinity":56,"s:168:4:168:Infinity":57}}}
,"/Users/ajitg/workspace/forge/src/services/planning/generator.ts": {"path":"/Users/ajitg/workspace/forge/src/services/planning/generator.ts","statementMap":{"0":{"start":{"line":15,"column":34},"end":{"line":15,"column":null}},"1":{"start":{"line":18,"column":4},"end":{"line":21,"column":null}},"2":{"start":{"line":19,"column":36},"end":{"line":19,"column":null}},"3":{"start":{"line":20,"column":6},"end":{"line":20,"column":null}},"4":{"start":{"line":23,"column":10},"end":{"line":23,"column":null}},"5":{"start":{"line":24,"column":15},"end":{"line":24,"column":null}},"6":{"start":{"line":26,"column":4},"end":{"line":49,"column":null}},"7":{"start":{"line":56,"column":34},"end":{"line":56,"column":null}},"8":{"start":{"line":59,"column":4},"end":{"line":96,"column":null}},"9":{"start":{"line":61,"column":8},"end":{"line":69,"column":null}},"10":{"start":{"line":70,"column":8},"end":{"line":70,"column":null}},"11":{"start":{"line":73,"column":8},"end":{"line":82,"column":null}},"12":{"start":{"line":83,"column":8},"end":{"line":83,"column":null}},"13":{"start":{"line":87,"column":8},"end":{"line":95,"column":null}},"14":{"start":{"line":98,"column":4},"end":{"line":98,"column":null}},"15":{"start":{"line":102,"column":33},"end":{"line":102,"column":null}}},"fnMap":{"0":{"name":"(anonymous_0)","decl":{"start":{"line":14,"column":2},"end":{"line":14,"column":11}},"loc":{"start":{"line":14,"column":98},"end":{"line":50,"column":null}},"line":14},"1":{"name":"(anonymous_1)","decl":{"start":{"line":55,"column":10},"end":{"line":55,"column":37}},"loc":{"start":{"line":55,"column":83},"end":{"line":99,"column":null}},"line":55}},"branchMap":{"0":{"loc":{"start":{"line":31,"column":13},"end":{"line":31,"column":null}},"type":"cond-expr","locations":[{"start":{"line":31,"column":32},"end":{"line":31,"column":61}},{"start":{"line":31,"column":61},"end":{"line":31,"column":null}}],"line":31},"1":{"loc":{"start":{"line":32,"column":17},"end":{"line":34,"column":null}},"type":"cond-expr","locations":[{"start":{"line":33,"column":10},"end":{"line":33,"column":null}},{"start":{"line":34,"column":10},"end":{"line":34,"column":null}}],"line":32},"2":{"loc":{"start":{"line":59,"column":4},"end":{"line":96,"column":null}},"type":"switch","locations":[{"start":{"line":60,"column":6},"end":{"line":70,"column":null}},{"start":{"line":72,"column":6},"end":{"line":83,"column":null}},{"start":{"line":85,"column":6},"end":{"line":95,"column":null}}],"line":59},"3":{"loc":{"start":{"line":89,"column":16},"end":{"line":89,"column":null}},"type":"cond-expr","locations":[{"start":{"line":89,"column":49},"end":{"line":89,"column":65}},{"start":{"line":89,"column":65},"end":{"line":89,"column":null}}],"line":89},"4":{"loc":{"start":{"line":91,"column":23},"end":{"line":91,"column":null}},"type":"binary-expr","locations":[{"start":{"line":91,"column":23},"end":{"line":91,"column":57}},{"start":{"line":91,"column":57},"end":{"line":91,"column":null}}],"line":91}},"s":{"0":5,"1":5,"2":11,"3":11,"4":5,"5":5,"6":5,"7":11,"8":11,"9":5,"10":5,"11":3,"12":3,"13":3,"14":11,"15":2},"f":{"0":5,"1":11},"b":{"0":[3,2],"1":[3,2],"2":[5,3,3],"3":[3,0],"4":[3,0]},"meta":{"lastBranch":5,"lastFunction":2,"lastStatement":16,"seen":{"f:14:2:14:11":0,"s:15:34:15:Infinity":0,"s:18:4:21:Infinity":1,"s:19:36:19:Infinity":2,"s:20:6:20:Infinity":3,"s:23:10:23:Infinity":4,"s:24:15:24:Infinity":5,"s:26:4:49:Infinity":6,"b:31:32:31:61:31:61:31:Infinity":0,"b:33:10:33:Infinity:34:10:34:Infinity":1,"f:55:10:55:37":1,"s:56:34:56:Infinity":7,"b:60:6:70:Infinity:72:6:83:Infinity:85:6:95:Infinity":2,"s:59:4:96:Infinity":8,"s:61:8:69:Infinity":9,"s:70:8:70:Infinity":10,"s:73:8:82:Infinity":11,"s:83:8:83:Infinity":12,"s:87:8:95:Infinity":13,"b:89:49:89:65:89:65:89:Infinity":3,"b:91:23:91:57:91:57:91:Infinity":4,"s:98:4:98:Infinity":14,"s:102:33:102:Infinity":15}}}
,"/Users/ajitg/workspace/forge/src/services/planning/run.ts": {"path":"/Users/ajitg/workspace/forge/src/services/planning/run.ts","statementMap":{"0":{"start":{"line":19,"column":19},"end":{"line":19,"column":null}},"1":{"start":{"line":21,"column":2},"end":{"line":23,"column":null}},"2":{"start":{"line":22,"column":4},"end":{"line":22,"column":null}},"3":{"start":{"line":26,"column":15},"end":{"line":26,"column":null}},"4":{"start":{"line":29,"column":18},"end":{"line":29,"column":null}},"5":{"start":{"line":31,"column":2},"end":{"line":31,"column":null}}},"fnMap":{"0":{"name":"runPlanningFlow","decl":{"start":{"line":14,"column":22},"end":{"line":14,"column":null}},"loc":{"start":{"line":17,"column":27},"end":{"line":32,"column":null}},"line":17}},"branchMap":{"0":{"loc":{"start":{"line":21,"column":2},"end":{"line":23,"column":null}},"type":"if","locations":[{"start":{"line":21,"column":2},"end":{"line":23,"column":null}},{"start":{},"end":{}}],"line":21}},"s":{"0":3,"1":3,"2":1,"3":2,"4":2,"5":2},"f":{"0":3},"b":{"0":[1,2]},"meta":{"lastBranch":1,"lastFunction":1,"lastStatement":6,"seen":{"f:14:22:14:Infinity":0,"s:19:19:19:Infinity":0,"b:21:2:23:Infinity:undefined:undefined:undefined:undefined":0,"s:21:2:23:Infinity":1,"s:22:4:22:Infinity":2,"s:26:15:26:Infinity":3,"s:29:18:29:Infinity":4,"s:31:2:31:Infinity":5}}}
}
